1688240119340	geckodriver	INFO	Listening on 127.0.0.1:54285
1688240122421	mozrunner::runner	INFO	Running command: "C:\\Program Files\\Mozilla Firefox\\firefox.exe" "--marionette" "--remote-debugging-port" "54286" "--remote-allow-hosts" "localhost" "-no-remote" "-profile" "C:\\Users\\JOSEL~1\\AppData\\Local\\Temp\\rust_mozprofileW9vMKB"
console.warn: services.settings: Ignoring preference override of remote settings server
console.warn: services.settings: Allow by setting MOZ_REMOTE_SETTINGS_DEVTOOLS=1 in the environment
1688240122849	Marionette	INFO	Marionette enabled
Dynamically enable window occlusion 0
1688240122854	Marionette	INFO	Listening on port 54294
Read port: 54294
WebDriver BiDi listening on ws://127.0.0.1:54286
1688240122974	RemoteAgent	WARN	TLS certificate errors will be ignored for this session
[ERROR glean_core] Error setting metrics feature config: Json(Error("EOF while parsing a value", line: 1, column: 0))
DevTools listening on ws://127.0.0.1:54286/devtools/browser/c2ebc135-5ffd-4ef4-8632-597314d5bb29
[Child 40308, Main Thread] WARNING: JSWindowActorChild::SendRawMessage (Conduits, ConduitClosed) not sent: !CanSend() || !mManager || !mManager->CanSend(): file /builds/worker/checkouts/gecko/dom/ipc/jsactor/JSWindowActorChild.cpp:57
[Child 40308, Main Thread] WARNING: JSWindowActorChild::SendRawMessage (Conduits, ConduitClosed) not sent: !CanSend() || !mManager || !mManager->CanSend(): file /builds/worker/checkouts/gecko/dom/ipc/jsactor/JSWindowActorChild.cpp:57
[Child 40308, Main Thread] WARNING: JSWindowActorChild::SendRawMessage (Conduits, ConduitClosed) not sent: !CanSend() || !mManager || !mManager->CanSend(): file /builds/worker/checkouts/gecko/dom/ipc/jsactor/JSWindowActorChild.cpp:57
[Child 40308, Main Thread] WARNING: JSWindowActorChild::SendRawMessage (Conduits, ConduitClosed) not sent: !CanSend() || !mManager || !mManager->CanSend(): file /builds/worker/checkouts/gecko/dom/ipc/jsactor/JSWindowActorChild.cpp:57
[Child 40308, Main Thread] WARNING: JSWindowActorChild::SendRawMessage (Conduits, ConduitClosed) not sent: !CanSend() || !mManager || !mManager->CanSend(): file /builds/worker/checkouts/gecko/dom/ipc/jsactor/JSWindowActorChild.cpp:57
[Child 40308, Main Thread] WARNING: JSWindowActorChild::SendRawMessage (Conduits, ConduitClosed) not sent: !CanSend() || !mManager || !mManager->CanSend(): file /builds/worker/checkouts/gecko/dom/ipc/jsactor/JSWindowActorChild.cpp:57
[Child 40308, Main Thread] WARNING: JSWindowActorChild::SendRawMessage (Conduits, ConduitClosed) not sent: !CanSend() || !mManager || !mManager->CanSend(): file /builds/worker/checkouts/gecko/dom/ipc/jsactor/JSWindowActorChild.cpp:57
[Child 40308, Main Thread] WARNING: JSWindowActorChild::SendRawMessage (Conduits, ConduitClosed) not sent: !CanSend() || !mManager || !mManager->CanSend(): file /builds/worker/checkouts/gecko/dom/ipc/jsactor/JSWindowActorChild.cpp:57
[Child 40308, Main Thread] WARNING: JSWindowActorChild::SendRawMessage (Conduits, ConduitClosed) not sent: !CanSend() || !mManager || !mManager->CanSend(): file /builds/worker/checkouts/gecko/dom/ipc/jsactor/JSWindowActorChild.cpp:57
1688248372750	Marionette	INFO	Stopped listening on port 54294
Dynamically enable window occlusion 1
//www.amazon.es/dp/B00GTW4S3S/ref=olp-opf-redir?aod=1 line 10718 > injectedScript, line 1: WEBGL_debug_renderer_info is deprecated in Firefox and will be removed. Please use RENDERER.
JavaScript warning: https://www.amazon.es/dp/B0073FD66A/ref=olp-opf-redir?aod=1 line 10528 > injectedScript, line 1: WEBGL_debug_renderer_info is deprecated in Firefox and will be removed. Please use RENDERER.
JavaScript warning: https://www.amazon.es/dp/B0073FO9AM/ref=olp-opf-redir?aod=1 line 9844 > injectedScript, line 1: WEBGL_debug_renderer_info is deprecated in Firefox and will be removed. Please use RENDERER.
JavaScript warning: https://www.amazon.es/dp/B07ZJ82DFL/ref=olp-opf-redir?aod=1 line 9735 > injectedScript, line 1: WEBGL_debug_renderer_info is deprecated in Firefox and will be removed. Please use RENDERER.
JavaScript warning: https://www.amazon.es/dp/B08SXSWC7Y/ref=olp-opf-redir?aod=1 line 9837 > injectedScript, line 1: WEBGL_debug_renderer_info is deprecated in Firefox and will be removed. Please use RENDERER.
JavaScript warning: https://www.amazon.es/dp/B06XSF4R1X/ref=olp-opf-redir?aod=1 line 10129 > injectedScript, line 1: WEBGL_debug_renderer_info is deprecated in Firefox and will be removed. Please use RENDERER.
JavaScript warning: https://www.amazon.es/dp/B07ZL56NS7/ref=olp-opf-redir?aod=1 line 9812 > injectedScript, line 1: WEBGL_debug_renderer_info is deprecated in Firefox and will be removed. Please use RENDERER.
JavaScript warning: https://www.amazon.es/dp/B00GTW4QQ2/ref=olp-opf-redir?aod=1 line 8551 > injectedScript, line 1: WEBGL_debug_renderer_info is deprecated in Firefox and will be removed. Please use RENDERER.
JavaScript warning: https://www.amazon.es/dp/B00U1JHWR4/ref=olp-opf-redir?aod=1 line 10560 > injectedScript, line 1: WEBGL_debug_renderer_info is deprecated in Firefox and will be removed. Please use RENDERER.
JavaScript warning: https://www.amazon.es/dp/B0813DB98Y/ref=olp-opf-redir?aod=1 line 10242 > injectedScript, line 1: WEBGL_debug_renderer_info is deprecated in Firefox and will be removed. Please use RENDERER.
JavaScript warning: https://www.amazon.es/dp/B01MSA66C8/ref=olp-opf-redir?aod=1 line 9092 > injectedScript, line 1: WEBGL_debug_renderer_info is deprecated in Firefox and will be removed. Please use RENDERER.
JavaScript warning: https://www.amazon.es/dp/B01MUI8JBV/ref=olp-opf-redir?aod=1 line 8381 > injectedScript, line 1: WEBGL_debug_renderer_info is deprecated in Firefox and will be removed. Please use RENDERER.
JavaScript warning: https://m.media-amazon.com/images/I/61ZS63EQSsL.js?AUIClients/AmazonUIjQuery, line 54: Using //@ to indicate sourceURL pragmas is deprecated. Use //# instead
JavaScript warning: https://www.amazon.es/dp/B06XDGDTM9/ref=olp-opf-redir?aod=1 line 9672 > injectedScript, line 1: WEBGL_debug_renderer_info is deprecated in Firefox and will be removed. Please use RENDERER.
JavaScript warning: https://m.media-amazon.com/images/I/61ZS63EQSsL.js?AUIClients/AmazonUIjQuery, line 54: Using //@ to indicate sourceURL pragmas is deprecated. Use //# instead
JavaScript warning: https://www.amazon.es/dp/B08MFP4KHH/ref=olp-opf-redir?aod=1 line 9493 > injectedScript, line 1: WEBGL_debug_renderer_info is deprecated in Firefox and will be removed. Please use RENDERER.
JavaScript warning: https://www.amazon.es/dp/B01NBXIKIL/ref=olp-opf-redir?aod=1 line 10001 > injectedScript, line 1: WEBGL_debug_renderer_info is deprecated in Firefox and will be removed. Please use RENDERER.
JavaScript warning: https://www.amazon.es/dp/B06Y3NHWVG/ref=olp-opf-redir?aod=1 line 10095 > injectedScript, line 1: WEBGL_debug_renderer_info is deprecated in Firefox and will be removed. Please use RENDERER.
JavaScript warning: https://www.amazon.es/dp/B01N36O3RT/ref=olp-opf-redir?aod=1 line 9777 > injectedScript, line 1: WEBGL_debug_renderer_info is deprecated in Firefox and will be removed. Please use RENDERER.
JavaScript warning: https://www.amazon.es/dp/B07BZDZ3JM/ref=olp-opf-redir?aod=1 line 11218 > injectedScript, line 1: WEBGL_debug_renderer_info is deprecated in Firefox and will be removed. Please use RENDERER.
JavaScript warning: https://www.amazon.es/dp/B077NGWYRX/ref=olp-opf-redir?aod=1 line 8801 > injectedScript, line 1: WEBGL_debug_renderer_info is deprecated in Firefox and will be removed. Please use RENDERER.
JavaScript warning: https://www.amazon.es/dp/B07BZF3HM7/ref=olp-opf-redir?aod=1 line 8916 > injectedScript, line 1: WEBGL_debug_renderer_info is deprecated in Firefox and will be removed. Please use RENDERER.
JavaScript warning: https://m.media-amazon.com/images/I/61ZS63EQSsL.js?AUIClients/AmazonUIjQuery, line 54: Using //@ to indicate sourceURL pragmas is deprecated. Use //# instead
JavaScript warning: https://www.amazon.es/dp/B08JL2QNCC/ref=olp-opf-redir?aod=1 line 9701 > injectedScript, line 1: WEBGL_debug_renderer_info is deprecated in Firefox and will be removed. Please use RENDERER.
JavaScript warning: https://m.media-amazon.com/images/I/61ZS63EQSsL.js?AUIClients/AmazonUIjQuery, line 54: Using //@ to indicate sourceURL pragmas is deprecated. Use //# instead
JavaScript warning: https://www.amazon.es/dp/B07KJB395Z/ref=olp-opf-redir?aod=1 line 7927 > injectedScript, line 1: WEBGL_debug_renderer_info is deprecated in Firefox and will be removed. Please use RENDERER.
JavaScript warning: https://www.amazon.es/dp/B075WD97B2/ref=olp-opf-redir?aod=1 line 9705 > injectedScript, line 1: WEBGL_debug_renderer_info is deprecated in Firefox and will be removed. Please use RENDERER.
JavaScript warning: https://m.media-amazon.com/images/I/61ZS63EQSsL.js?AUIClients/AmazonUIjQuery, line 54: Using //@ to indicate sourceURL pragmas is deprecated. Use //# instead
JavaScript warning: https://www.amazon.es/dp/B06XDD6W7T/ref=olp-opf-redir?aod=1 line 8806 > injectedScript, line 1: WEBGL_debug_renderer_info is deprecated in Firefox and will be removed. Please use RENDERER.
JavaScript warning: https://www.amazon.es/dp/B08JL451SN/ref=olp-opf-redir?aod=1 line 9846 > injectedScript, line 1: WEBGL_debug_renderer_info is deprecated in Firefox and will be removed. Please use RENDERER.
JavaScript warning: https://m.media-amazon.com/images/I/61ZS63EQSsL.js?AUIClients/AmazonUIjQuery, line 54: Using //@ to indicate sourceURL pragmas is deprecated. Use //# instead
[Child 37948, Main Thread] WARNING: JSWindowActorChild::SendRawMessage (Conduits, ConduitClosed) not sent: !CanSend() || !mManager || !mManager->CanSend(): file /builds/worker/checkouts/gecko/dom/ipc/jsactor/JSWindowActorChild.cpp:57
[Child 37948, Main Thread] WARNING: JSWindowActorChild::SendRawMessage (Conduits, ConduitClosed) not sent: !CanSend() || !mManager || !mManager->CanSend(): file /builds/worker/checkouts/gecko/dom/ipc/jsactor/JSWindowActorChild.cpp:57
[Child 37948, Main Thread] WARNING: JSWindowActorChild::SendRawMessage (Conduits, ConduitClosed) not sent: !CanSend() || !mManager || !mManager->CanSend(): file /builds/worker/checkouts/gecko/dom/ipc/jsactor/JSWindowActorChild.cpp:57
[Child 37948, Main Thread] WARNING: JSWindowActorChild::SendRawMessage (Conduits, ConduitClosed) not sent: !CanSend() || !mManager || !mManager->CanSend(): file /builds/worker/checkouts/gecko/dom/ipc/jsactor/JSWindowActorChild.cpp:57
[Child 37948, Main Thread] WARNING: JSWindowActorChild::SendRawMessage (Conduits, ConduitClosed) not sent: !CanSend() || !mManager || !mManager->CanSend(): file /builds/worker/checkouts/gecko/dom/ipc/jsactor/JSWindowActorChild.cpp:57
[Child 37948, Main Thread] WARNING: JSWindowActorChild::SendRawMessage (Conduits, ConduitClosed) not sent: !CanSend() || !mManager || !mManager->CanSend(): file /builds/worker/checkouts/gecko/dom/ipc/jsactor/JSWindowActorChild.cpp:57
[Child 37948, Main Thread] WARNING: JSWindowActorChild::SendRawMessage (Conduits, ConduitClosed) not sent: !CanSend() || !mManager || !mManager->CanSend(): file /builds/worker/checkouts/gecko/dom/ipc/jsactor/JSWindowActorChild.cpp:57
[Child 37948, Main Thread] WARNING: JSWindowActorChild::SendRawMessage (Conduits, ConduitClosed) not sent: !CanSend() || !mManager || !mManager->CanSend(): file /builds/worker/checkouts/gecko/dom/ipc/jsactor/JSWindowActorChild.cpp:57
[Child 37948, Main Thread] WARNING: JSWindowActorChild::SendRawMessage (Conduits, ConduitClosed) not sent: !CanSend() || !mManager || !mManager->CanSend(): file /builds/worker/checkouts/gecko/dom/ipc/jsactor/JSWindowActorChild.cpp:57
1688249004724	Marionette	INFO	Stopped listening on port 54372
Dynamically enable window occlusion 1
eprecated in Firefox and will be removed. Please use RENDERER.
JavaScript warning: https://www.amazon.es/dp/B00GTW4S3S/ref=olp-opf-redir?aod=1 line 10706 > injectedScript, line 1: WEBGL_debug_renderer_info is deprecated in Firefox and will be removed. Please use RENDERER.
JavaScript warning: https://www.amazon.es/dp/B0073FD66A/ref=olp-opf-redir?aod=1 line 10542 > injectedScript, line 1: WEBGL_debug_renderer_info is deprecated in Firefox and will be removed. Please use RENDERER.
JavaScript warning: https://www.amazon.es/dp/B0073FO9AM/ref=olp-opf-redir?aod=1 line 9966 > injectedScript, line 1: WEBGL_debug_renderer_info is deprecated in Firefox and will be removed. Please use RENDERER.
JavaScript warning: https://www.amazon.es/dp/B07ZJ82DFL/ref=olp-opf-redir?aod=1 line 9863 > injectedScript, line 1: WEBGL_debug_renderer_info is deprecated in Firefox and will be removed. Please use RENDERER.
JavaScript warning: https://www.amazon.es/dp/B08SXSWC7Y/ref=olp-opf-redir?aod=1 line 9977 > injectedScript, line 1: WEBGL_debug_renderer_info is deprecated in Firefox and will be removed. Please use RENDERER.
JavaScript warning: https://www.amazon.es/dp/B06XSF4R1X/ref=olp-opf-redir?aod=1 line 10248 > injectedScript, line 1: WEBGL_debug_renderer_info is deprecated in Firefox and will be removed. Please use RENDERER.
JavaScript warning: https://www.amazon.es/dp/B07ZL56NS7/ref=olp-opf-redir?aod=1 line 9949 > injectedScript, line 1: WEBGL_debug_renderer_info is deprecated in Firefox and will be removed. Please use RENDERER.
JavaScript warning: https://www.amazon.es/dp/B00GTW4QQ2/ref=olp-opf-redir?aod=1 line 8845 > injectedScript, line 1: WEBGL_debug_renderer_info is deprecated in Firefox and will be removed. Please use RENDERER.
JavaScript warning: https://www.amazon.es/dp/B00U1JHWR4/ref=olp-opf-redir?aod=1 line 10685 > injectedScript, line 1: WEBGL_debug_renderer_info is deprecated in Firefox and will be removed. Please use RENDERER.
JavaScript warning: https://www.amazon.es/dp/B0813DB98Y/ref=olp-opf-redir?aod=1 line 10402 > injectedScript, line 1: WEBGL_debug_renderer_info is deprecated in Firefox and will be removed. Please use RENDERER.
JavaScript warning: https://www.amazon.es/dp/B01MSA66C8/ref=olp-opf-redir?aod=1 line 9245 > injectedScript, line 1: WEBGL_debug_renderer_info is deprecated in Firefox and will be removed. Please use RENDERER.
JavaScript warning: https://www.amazon.es/dp/B01MUI8JBV/ref=olp-opf-redir?aod=1 line 8523 > injectedScript, line 1: WEBGL_debug_renderer_info is deprecated in Firefox and will be removed. Please use RENDERER.
JavaScript warning: https://m.media-amazon.com/images/I/61ZS63EQSsL.js?AUIClients/AmazonUIjQuery, line 54: Using //@ to indicate sourceURL pragmas is deprecated. Use //# instead
JavaScript warning: https://www.amazon.es/dp/B06XDGDTM9/ref=olp-opf-redir?aod=1 line 9817 > injectedScript, line 1: WEBGL_debug_renderer_info is deprecated in Firefox and will be removed. Please use RENDERER.
JavaScript warning: https://m.media-amazon.com/images/I/61ZS63EQSsL.js?AUIClients/AmazonUIjQuery, line 54: Using //@ to indicate sourceURL pragmas is deprecated. Use //# instead
JavaScript warning: https://www.amazon.es/dp/B08MFP4KHH/ref=olp-opf-redir?aod=1 line 9636 > injectedScript, line 1: WEBGL_debug_renderer_info is deprecated in Firefox and will be removed. Please use RENDERER.
JavaScript warning: https://www.amazon.es/dp/B01NBXIKIL/ref=olp-opf-redir?aod=1 line 10122 > injectedScript, line 1: WEBGL_debug_renderer_info is deprecated in Firefox and will be removed. Please use RENDERER.
JavaScript warning: https://www.amazon.es/dp/B06Y3NHWVG/ref=olp-opf-redir?aod=1 line 10176 > injectedScript, line 1: WEBGL_debug_renderer_info is deprecated in Firefox and will be removed. Please use RENDERER.
JavaScript warning: https://www.amazon.es/dp/B01N36O3RT/ref=olp-opf-redir?aod=1 line 9923 > injectedScript, line 1: WEBGL_debug_renderer_info is deprecated in Firefox and will be removed. Please use RENDERER.
JavaScript warning: https://www.amazon.es/dp/B07BZDZ3JM/ref=olp-opf-redir?aod=1 line 11335 > injectedScript, line 1: WEBGL_debug_renderer_info is deprecated in Firefox and will be removed. Please use RENDERER.
JavaScript warning: https://www.amazon.es/dp/B077NGWYRX/ref=olp-opf-redir?aod=1 line 8926 > injectedScript, line 1: WEBGL_debug_renderer_info is deprecated in Firefox and will be removed. Please use RENDERER.
JavaScript warning: https://www.amazon.es/dp/B07BZF3HM7/ref=olp-opf-redir?aod=1 line 9040 > injectedScript, line 1: WEBGL_debug_renderer_info is deprecated in Firefox and will be removed. Please use RENDERER.
JavaScript warning: https://m.media-amazon.com/images/I/61ZS63EQSsL.js?AUIClients/AmazonUIjQuery, line 54: Using //@ to indicate sourceURL pragmas is deprecated. Use //# instead
JavaScript warning: https://www.amazon.es/dp/B08JL2QNCC/ref=olp-opf-redir?aod=1 line 9836 > injectedScript, line 1: WEBGL_debug_renderer_info is deprecated in Firefox and will be removed. Please use RENDERER.
JavaScript warning: https://m.media-amazon.com/images/I/61ZS63EQSsL.js?AUIClients/AmazonUIjQuery, line 54: Using //@ to indicate sourceURL pragmas is deprecated. Use //# instead
JavaScript warning: https://www.amazon.es/dp/B07KJB395Z/ref=olp-opf-redir?aod=1 line 8063 > injectedScript, line 1: WEBGL_debug_renderer_info is deprecated in Firefox and will be removed. Please use RENDERER.
JavaScript warning: https://www.amazon.es/dp/B075WD97B2/ref=olp-opf-redir?aod=1 line 9835 > injectedScript, line 1: WEBGL_debug_renderer_info is deprecated in Firefox and will be removed. Please use RENDERER.
JavaScript warning: https://m.media-amazon.com/images/I/61ZS63EQSsL.js?AUIClients/AmazonUIjQuery, line 54: Using //@ to indicate sourceURL pragmas is deprecated. Use //# instead
JavaScript warning: https://www.amazon.es/dp/B06XDD6W7T/ref=olp-opf-redir?aod=1 line 8929 > injectedScript, line 1: WEBGL_debug_renderer_info is deprecated in Firefox and will be removed. Please use RENDERER.
JavaScript warning: https://www.amazon.es/dp/B08JL451SN/ref=olp-opf-redir?aod=1 line 9977 > injectedScript, line 1: WEBGL_debug_renderer_info is deprecated in Firefox and will be removed. Please use RENDERER.
JavaScript warning: https://m.media-amazon.com/images/I/61ZS63EQSsL.js?AUIClients/AmazonUIjQuery, line 54: Using //@ to indicate sourceURL pragmas is deprecated. Use //# instead
[Child 25948, Main Thread] WARNING: JSWindowActorChild::SendRawMessage (Conduits, ConduitClosed) not sent: !CanSend() || !mManager || !mManager->CanSend(): file /builds/worker/checkouts/gecko/dom/ipc/jsactor/JSWindowActorChild.cpp:57
[Child 25948, Main Thread] WARNING: JSWindowActorChild::SendRawMessage (Conduits, ConduitClosed) not sent: !CanSend() || !mManager || !mManager->CanSend(): file /builds/worker/checkouts/gecko/dom/ipc/jsactor/JSWindowActorChild.cpp:57
[Child 25948, Main Thread] WARNING: JSWindowActorChild::SendRawMessage (Conduits, ConduitClosed) not sent: !CanSend() || !mManager || !mManager->CanSend(): file /builds/worker/checkouts/gecko/dom/ipc/jsactor/JSWindowActorChild.cpp:57
[Child 25948, Main Thread] WARNING: JSWindowActorChild::SendRawMessage (Conduits, ConduitClosed) not sent: !CanSend() || !mManager || !mManager->CanSend(): file /builds/worker/checkouts/gecko/dom/ipc/jsactor/JSWindowActorChild.cpp:57
[Child 25948, Main Thread] WARNING: JSWindowActorChild::SendRawMessage (Conduits, ConduitClosed) not sent: !CanSend() || !mManager || !mManager->CanSend(): file /builds/worker/checkouts/gecko/dom/ipc/jsactor/JSWindowActorChild.cpp:57
[Child 25948, Main Thread] WARNING: JSWindowActorChild::SendRawMessage (Conduits, ConduitClosed) not sent: !CanSend() || !mManager || !mManager->CanSend(): file /builds/worker/checkouts/gecko/dom/ipc/jsactor/JSWindowActorChild.cpp:57
[Child 25948, Main Thread] WARNING: JSWindowActorChild::SendRawMessage (Conduits, ConduitClosed) not sent: !CanSend() || !mManager || !mManager->CanSend(): file /builds/worker/checkouts/gecko/dom/ipc/jsactor/JSWindowActorChild.cpp:57
[Child 25948, Main Thread] WARNING: JSWindowActorChild::SendRawMessage (Conduits, ConduitClosed) not sent: !CanSend() || !mManager || !mManager->CanSend(): file /builds/worker/checkouts/gecko/dom/ipc/jsactor/JSWindowActorChild.cpp:57
[Child 25948, Main Thread] WARNING: JSWindowActorChild::SendRawMessage (Conduits, ConduitClosed) not sent: !CanSend() || !mManager || !mManager->CanSend(): file /builds/worker/checkouts/gecko/dom/ipc/jsactor/JSWindowActorChild.cpp:57
1688249014532	Marionette	INFO	Stopped listening on port 56057
Dynamically enable window occlusion 1
1688291408461	geckodriver	INFO	Listening on 127.0.0.1:56274
1688291411490	mozrunner::runner	INFO	Running command: "C:\\Program Files\\Mozilla Firefox\\firefox.exe" "--marionette" "--remote-debugging-port" "56275" "--remote-allow-hosts" "localhost" "-no-remote" "-profile" "C:\\Users\\JOSEL~1\\AppData\\Local\\Temp\\rust_mozprofileVTSVXa"
console.warn: services.settings: Ignoring preference override of remote settings server
console.warn: services.settings: Allow by setting MOZ_REMOTE_SETTINGS_DEVTOOLS=1 in the environment
1688291411813	Marionette	INFO	Marionette enabled
Dynamically enable window occlusion 0
1688291411817	Marionette	INFO	Listening on port 56286
WebDriver BiDi listening on ws://127.0.0.1:56275
Read port: 56286
1688291412049	RemoteAgent	WARN	TLS certificate errors will be ignored for this session
DevTools listening on ws://127.0.0.1:56275/devtools/browser/12e317f5-0996-4347-81b3-e5e6b5a144ef
JavaScript warning: https://www.amazon.es/dp/B005FNKMF0/ref=olp-opf-redir?aod=1 line 10636 > injectedScript, line 1: WEBGL_debug_renderer_info is deprecated in Firefox and will be removed. Please use RENDERER.
console.warn: LoginRecipes: "Falling back to a synchronous message for: https://www.amazon.es."
JavaScript warning: https://www.amazon.es/dp/B006TH5DUK/ref=olp-opf-redir?aod=1 line 10502 > injectedScript, line 1: WEBGL_debug_renderer_info is deprecated in Firefox and will be removed. Please use RENDERER.
JavaScript warning: https://www.amazon.es/dp/B0073FD66A/ref=olp-opf-redir?aod=1 line 10697 > injectedScript, line 1: WEBGL_debug_renderer_info is deprecated in Firefox and will be removed. Please use RENDERER.
JavaScript warning: https://www.amazon.es/dp/B0073FO9AM/ref=olp-opf-redir?aod=1 line 9952 > injectedScript, line 1: WEBGL_debug_renderer_info is deprecated in Firefox and will be removed. Please use RENDERER.
JavaScript warning: https://www.amazon.es/dp/B0073FTCJU/ref=olp-opf-redir?aod=1 line 9020 > injectedScript, line 1: WEBGL_debug_renderer_info is deprecated in Firefox and will be removed. Please use RENDERER.
JavaScript warning: https://www.amazon.es/dp/B00GB8IA5C/ref=olp-opf-redir?aod=1 line 8814 > injectedScript, line 1: WEBGL_debug_renderer_info is deprecated in Firefox and will be removed. Please use RENDERER.
JavaScript warning: https://www.amazon.es/dp/B00GCCQ3DI/ref=olp-opf-redir?aod=1 line 9937 > injectedScript, line 1: WEBGL_debug_renderer_info is deprecated in Firefox and will be removed. Please use RENDERER.
JavaScript warning: https://www.amazon.es/dp/B00GHUZDFO/ref=olp-opf-redir?aod=1 line 10232 > injectedScript, line 1: WEBGL_debug_renderer_info is deprecated in Firefox and will be removed. Please use RENDERER.
JavaScript warning: https://www.amazon.es/dp/B00GTW4QQ2/ref=olp-opf-redir?aod=1 line 8833 > injectedScript, line 1: WEBGL_debug_renderer_info is deprecated in Firefox and will be removed. Please use RENDERER.
JavaScript warning: https://www.amazon.es/dp/B00GTW4S3S/ref=olp-opf-redir?aod=1 line 10711 > injectedScript, line 1: WEBGL_debug_renderer_info is deprecated in Firefox and will be removed. Please use RENDERER.
JavaScript warning: https://www.amazon.es/dp/B00OOUSJ0A/ref=olp-opf-redir?aod=1 line 10609 > injectedScript, line 1: WEBGL_debug_renderer_info is deprecated in Firefox and will be removed. Please use RENDERER.
JavaScript warning: https://www.amazon.es/dp/B00QFKIYX4/ref=olp-opf-redir?aod=1 line 8621 > injectedScript, line 1: WEBGL_debug_renderer_info is deprecated in Firefox and will be removed. Please use RENDERER.
JavaScript warning: https://www.amazon.es/dp/B00U1JHWR4/ref=olp-opf-redir?aod=1 line 10742 > injectedScript, line 1: WEBGL_debug_renderer_info is deprecated in Firefox and will be removed. Please use RENDERER.
JavaScript warning: https://www.amazon.es/dp/B00VO6BRGK/ref=olp-opf-redir?aod=1 line 10156 > injectedScript, line 1: WEBGL_debug_renderer_info is deprecated in Firefox and will be removed. Please use RENDERER.
JavaScript warning: https://www.amazon.es/dp/B00ZPQ129C/ref=olp-opf-redir?aod=1 line 10609 > injectedScript, line 1: WEBGL_debug_renderer_info is deprecated in Firefox and will be removed. Please use RENDERER.
JavaScript warning: https://www.amazon.es/dp/B011DCMQZA/ref=olp-opf-redir?aod=1 line 9758 > injectedScript, line 1: WEBGL_debug_renderer_info is deprecated in Firefox and will be removed. Please use RENDERER.
JavaScript warning: https://www.amazon.es/dp/B0165H0JHU/ref=olp-opf-redir?aod=1 line 9033 > injectedScript, line 1: WEBGL_debug_renderer_info is deprecated in Firefox and will be removed. Please use RENDERER.
JavaScript warning: https://www.amazon.es/dp/B06XSF4R1X/ref=olp-opf-redir?aod=1 line 10263 > injectedScript, line 1: WEBGL_debug_renderer_info is deprecated in Firefox and will be removed. Please use RENDERER.
JavaScript warning: https://www.amazon.es/dp/B06ZZ6CDY1/ref=olp-opf-redir?aod=1 line 8813 > injectedScript, line 1: WEBGL_debug_renderer_info is deprecated in Firefox and will be removed. Please use RENDERER.
JavaScript warning: https://www.amazon.es/dp/B074HB44JQ/ref=olp-opf-redir?aod=1 line 9718 > injectedScript, line 1: WEBGL_debug_renderer_info is deprecated in Firefox and will be removed. Please use RENDERER.
JavaScript warning: https://www.amazon.es/dp/B075PLPVWF/ref=olp-opf-redir?aod=1 line 10076 > injectedScript, line 1: WEBGL_debug_renderer_info is deprecated in Firefox and will be removed. Please use RENDERER.
JavaScript warning: https://www.amazon.es/dp/B079GPHV44/ref=olp-opf-redir?aod=1 line 8861 > injectedScript, line 1: WEBGL_debug_renderer_info is deprecated in Firefox and will be removed. Please use RENDERER.
JavaScript warning: https://www.amazon.es/dp/B07RRBZF7T/ref=olp-opf-redir?aod=1 line 9982 > injectedScript, line 1: WEBGL_debug_renderer_info is deprecated in Firefox and will be removed. Please use RENDERER.
JavaScript warning: https://www.amazon.es/dp/B07ZJ82DFL/ref=olp-opf-redir?aod=1 line 9859 > injectedScript, line 1: WEBGL_debug_renderer_info is deprecated in Firefox and will be removed. Please use RENDERER.
JavaScript warning: https://www.amazon.es/dp/B07ZL6B5SS/ref=olp-opf-redir?aod=1 line 10260 > injectedScript, line 1: WEBGL_debug_renderer_info is deprecated in Firefox and will be removed. Please use RENDERER.
JavaScript warning: https://www.amazon.es/dp/B0813DB98Y/ref=olp-opf-redir?aod=1 line 10351 > injectedScript, line 1: WEBGL_debug_renderer_info is deprecated in Firefox and will be removed. Please use RENDERER.
[Parent 25852, IPC I/O Parent] WARNING: DuplicateHandle failed for handle 0 in TransferHandles: file /builds/worker/checkouts/gecko/ipc/chromium/src/chrome/common/ipc_channel_win.cc:787
JavaScript warning: https://www.amazon.es/dp/B08SXQTV52/ref=olp-opf-redir?aod=1 line 10190 > injectedScript, line 1: WEBGL_debug_renderer_info is deprecated in Firefox and will be removed. Please use RENDERER.
JavaScript warning: https://www.amazon.es/dp/B08SXSWC7Y/ref=olp-opf-redir?aod=1 line 9974 > injectedScript, line 1: WEBGL_debug_renderer_info is deprecated in Firefox and will be removed. Please use RENDERER.
JavaScript warning: https://m.media-amazon.com/images/I/81FDsguCfqL.js?AUIClients/FWCIMAssets, line 298: WEBGL_debug_renderer_info is deprecated in Firefox and will be removed. Please use RENDERER.
1688291640615	Marionette	INFO	Stopped listening on port 56286
Dynamically enable window occlusion 1
1688422029171	geckodriver	INFO	Listening on 127.0.0.1:59479
1688422032261	mozrunner::runner	INFO	Running command: "C:\\Program Files\\Mozilla Firefox\\firefox.exe" "--marionette" "--remote-debugging-port" "59480" "--remote-allow-hosts" "localhost" "-no-remote" "-profile" "C:\\Users\\JOSEL~1\\AppData\\Local\\Temp\\rust_mozprofileGZE0KG"
console.warn: services.settings: Ignoring preference override of remote settings server
console.warn: services.settings: Allow by setting MOZ_REMOTE_SETTINGS_DEVTOOLS=1 in the environment
1688422032826	Marionette	INFO	Marionette enabled
Dynamically enable window occlusion 0
1688422032832	Marionette	INFO	Listening on port 59488
Read port: 59488
WebDriver BiDi listening on ws://127.0.0.1:59480
1688422032968	RemoteAgent	WARN	TLS certificate errors will be ignored for this session
DevTools listening on ws://127.0.0.1:59480/devtools/browser/c31055c2-e263-440a-b0cf-39bcbd001a0b
JavaScript warning: https://www.amazon.es/dp/B005FNKMF0/ref=olp-opf-redir?aod=1 line 10603 > injectedScript, line 1: WEBGL_debug_renderer_info is deprecated in Firefox and will be removed. Please use RENDERER.
JavaScript warning: https://www.amazon.es/dp/B006TH5DUK/ref=olp-opf-redir?aod=1 line 11754 > injectedScript, line 1: WEBGL_debug_renderer_info is deprecated in Firefox and will be removed. Please use RENDERER.
console.warn: LoginRecipes: "Falling back to a synchronous message for: https://www.amazon.es."
JavaScript warning: https://m.media-amazon.com/images/I/61ZS63EQSsL.js?AUIClients/AmazonUIjQuery, line 54: Using //@ to indicate sourceURL pragmas is deprecated. Use //# instead
[Parent 44816, IPC I/O Parent] WARNING: DuplicateHandle failed for handle 0 in TransferHandles: file /builds/worker/checkouts/gecko/ipc/chromium/src/chrome/common/ipc_channel_win.cc:787
JavaScript warning: https://www.amazon.es/dp/B0073FD66A/ref=olp-opf-redir?aod=1 line 11669 > injectedScript, line 1: WEBGL_debug_renderer_info is deprecated in Firefox and will be removed. Please use RENDERER.
JavaScript warning: https://www.amazon.es/dp/B0073FO9AM/ref=olp-opf-redir?aod=1 line 9851 > injectedScript, line 1: WEBGL_debug_renderer_info is deprecated in Firefox and will be removed. Please use RENDERER.
JavaScript warning: https://www.amazon.es/dp/B0073FTCJU/ref=olp-opf-redir?aod=1 line 8971 > injectedScript, line 1: WEBGL_debug_renderer_info is deprecated in Firefox and will be removed. Please use RENDERER.
JavaScript warning: https://www.amazon.es/dp/B00GB8IA5C/ref=olp-opf-redir?aod=1 line 8666 > injectedScript, line 1: WEBGL_debug_renderer_info is deprecated in Firefox and will be removed. Please use RENDERER.
JavaScript warning: https://www.amazon.es/dp/B00GCCQ3DI/ref=olp-opf-redir?aod=1 line 9907 > injectedScript, line 1: WEBGL_debug_renderer_info is deprecated in Firefox and will be removed. Please use RENDERER.
JavaScript warning: https://www.amazon.es/dp/B00GHUZDFO/ref=olp-opf-redir?aod=1 line 10066 > injectedScript, line 1: WEBGL_debug_renderer_info is deprecated in Firefox and will be removed. Please use RENDERER.
JavaScript warning: https://www.amazon.es/dp/B00GTW4QQ2/ref=olp-opf-redir?aod=1 line 8700 > injectedScript, line 1: WEBGL_debug_renderer_info is deprecated in Firefox and will be removed. Please use RENDERER.
JavaScript warning: https://www.amazon.es/dp/B00GTW4S3S/ref=olp-opf-redir?aod=1 line 10656 > injectedScript, line 1: WEBGL_debug_renderer_info is deprecated in Firefox and will be removed. Please use RENDERER.
JavaScript warning: https://www.amazon.es/dp/B00OOUSJ0A/ref=olp-opf-redir?aod=1 line 10359 > injectedScript, line 1: WEBGL_debug_renderer_info is deprecated in Firefox and will be removed. Please use RENDERER.
JavaScript warning: https://www.amazon.es/dp/B00QFKIYX4/ref=olp-opf-redir?aod=1 line 8449 > injectedScript, line 1: WEBGL_debug_renderer_info is deprecated in Firefox and will be removed. Please use RENDERER.
JavaScript warning: https://www.amazon.es/dp/B00U1JHWR4/ref=olp-opf-redir?aod=1 line 10528 > injectedScript, line 1: WEBGL_debug_renderer_info is deprecated in Firefox and will be removed. Please use RENDERER.
JavaScript warning: https://www.amazon.es/dp/B00VO6BRGK/ref=olp-opf-redir?aod=1 line 10024 > injectedScript, line 1: WEBGL_debug_renderer_info is deprecated in Firefox and will be removed. Please use RENDERER.
JavaScript warning: https://www.amazon.es/dp/B00ZPQ129C/ref=olp-opf-redir?aod=1 line 10551 > injectedScript, line 1: WEBGL_debug_renderer_info is deprecated in Firefox and will be removed. Please use RENDERER.
JavaScript warning: https://www.amazon.es/dp/B011DCMQZA/ref=olp-opf-redir?aod=1 line 9744 > injectedScript, line 1: WEBGL_debug_renderer_info is deprecated in Firefox and will be removed. Please use RENDERER.
JavaScript warning: https://www.amazon.es/dp/B0165H0JHU/ref=olp-opf-redir?aod=1 line 8897 > injectedScript, line 1: WEBGL_debug_renderer_info is deprecated in Firefox and will be removed. Please use RENDERER.
JavaScript warning: https://www.amazon.es/dp/B06XSF4R1X/ref=olp-opf-redir?aod=1 line 10139 > injectedScript, line 1: WEBGL_debug_renderer_info is deprecated in Firefox and will be removed. Please use RENDERER.
JavaScript warning: https://www.amazon.es/dp/B06ZZ6CDY1/ref=olp-opf-redir?aod=1 line 8950 > injectedScript, line 1: WEBGL_debug_renderer_info is deprecated in Firefox and will be removed. Please use RENDERER.
JavaScript warning: https://www.amazon.es/dp/B074HB44JQ/ref=olp-opf-redir?aod=1 line 9522 > injectedScript, line 1: WEBGL_debug_renderer_info is deprecated in Firefox and will be removed. Please use RENDERER.
JavaScript warning: https://www.amazon.es/dp/B075PLPVWF/ref=olp-opf-redir?aod=1 line 9929 > injectedScript, line 1: WEBGL_debug_renderer_info is deprecated in Firefox and will be removed. Please use RENDERER.
JavaScript warning: https://www.amazon.es/dp/B079GPHV44/ref=olp-opf-redir?aod=1 line 8698 > injectedScript, line 1: WEBGL_debug_renderer_info is deprecated in Firefox and will be removed. Please use RENDERER.
JavaScript warning: https://www.amazon.es/dp/B07RRBZF7T/ref=olp-opf-redir?aod=1 line 9935 > injectedScript, line 1: WEBGL_debug_renderer_info is deprecated in Firefox and will be removed. Please use RENDERER.
JavaScript warning: https://www.amazon.es/dp/B07ZJ82DFL/ref=olp-opf-redir?aod=1 line 10863 > injectedScript, line 1: WEBGL_debug_renderer_info is deprecated in Firefox and will be removed. Please use RENDERER.
JavaScript warning: https://www.amazon.es/dp/B07ZL6B5SS/ref=olp-opf-redir?aod=1 line 10122 > injectedScript, line 1: WEBGL_debug_renderer_info is deprecated in Firefox and will be removed. Please use RENDERER.
JavaScript warning: https://www.amazon.es/dp/B0813DB98Y/ref=olp-opf-redir?aod=1 line 9830 > injectedScript, line 1: WEBGL_debug_renderer_info is deprecated in Firefox and will be removed. Please use RENDERER.
JavaScript warning: https://www.amazon.es/dp/B08SXQTV52/ref=olp-opf-redir?aod=1 line 10171 > injectedScript, line 1: WEBGL_debug_renderer_info is deprecated in Firefox and will be removed. Please use RENDERER.
JavaScript warning: https://www.amazon.es/dp/B08SXSWC7Y/ref=olp-opf-redir?aod=1 line 9826 > injectedScript, line 1: WEBGL_debug_renderer_info is deprecated in Firefox and will be removed. Please use RENDERER.
1688423577023	Marionette	INFO	Stopped listening on port 59488
Dynamically enable window occlusion 1
1688539540263	geckodriver	INFO	Listening on 127.0.0.1:50009
1688539540584	mozrunner::runner	INFO	Running command: MOZ_CRASHREPORTER="1" MOZ_CRASHREPORTER_NO_REPORT="1" MOZ_CRASHREPORTER_SHUTDOWN="1" MOZ_NO_REMOTE="1" "/App ... s" "localhost" "-foreground" "-no-remote" "-profile" "/var/folders/wg/6mm1j8cs2476jfn9671pkwpc0000gp/T/rust_mozprofileAyo2gd"
console.warn: services.settings: Ignoring preference override of remote settings server
console.warn: services.settings: Allow by setting MOZ_REMOTE_SETTINGS_DEVTOOLS=1 in the environment
1688539541283	Marionette	INFO	Marionette enabled
1688539541416	Marionette	INFO	Listening on port 50017
Read port: 50017
console.error: "Warning: unrecognized command line flag -remote-allow-hosts\n"
WebDriver BiDi listening on ws://127.0.0.1:50010
1688539541659	RemoteAgent	WARN	TLS certificate errors will be ignored for this session
DevTools listening on ws://127.0.0.1:50010/devtools/browser/b4ce5e99-e878-4b3a-a58b-1a354893231a
JavaScript warning: https://www.amazon.es/dp/B005FNKMF0/ref=olp-opf-redir?aod=1 line 10595 > injectedScript, line 1: WEBGL_debug_renderer_info is deprecated in Firefox and will be removed. Please use RENDERER.
JavaScript warning: https://www.amazon.es/dp/B006TH5DUK/ref=olp-opf-redir?aod=1 line 10630 > injectedScript, line 1: WEBGL_debug_renderer_info is deprecated in Firefox and will be removed. Please use RENDERER.
JavaScript warning: https://www.amazon.es/dp/B0073FD66A/ref=olp-opf-redir?aod=1 line 10537 > injectedScript, line 1: WEBGL_debug_renderer_info is deprecated in Firefox and will be removed. Please use RENDERER.
JavaScript warning: https://www.amazon.es/dp/B006TH5DUK/ref=olp-opf-redir?aod=1 line 10622 > injectedScript, line 1: WEBGL_debug_renderer_info is deprecated in Firefox and will be removed. Please use RENDERER.
JavaScript warning: https://www.amazon.es/dp/B0073FO9AM/ref=olp-opf-redir?aod=1 line 9835 > injectedScript, line 1: WEBGL_debug_renderer_info is deprecated in Firefox and will be removed. Please use RENDERER.
JavaScript warning: https://www.amazon.es/dp/B0073FD66A/ref=olp-opf-redir?aod=1 line 10522 > injectedScript, line 1: WEBGL_debug_renderer_info is deprecated in Firefox and will be removed. Please use RENDERER.
JavaScript warning: https://www.amazon.es/dp/B0073FTCJU/ref=olp-opf-redir?aod=1 line 8854 > injectedScript, line 1: WEBGL_debug_renderer_info is deprecated in Firefox and will be removed. Please use RENDERER.
JavaScript warning: https://www.amazon.es/dp/B0073FO9AM/ref=olp-opf-redir?aod=1 line 9838 > injectedScript, line 1: WEBGL_debug_renderer_info is deprecated in Firefox and will be removed. Please use RENDERER.
JavaScript warning: https://www.amazon.es/dp/B006TH5DUK/ref=olp-opf-redir?aod=1 line 10619 > injectedScript, line 1: WEBGL_debug_renderer_info is deprecated in Firefox and will be removed. Please use RENDERER.
JavaScript warning: https://www.amazon.es/dp/B0073FTCJU/ref=olp-opf-redir?aod=1 line 8825 > injectedScript, line 1: WEBGL_debug_renderer_info is deprecated in Firefox and will be removed. Please use RENDERER.
JavaScript warning: https://www.amazon.es/dp/B0073FD66A/ref=olp-opf-redir?aod=1 line 10537 > injectedScript, line 1: WEBGL_debug_renderer_info is deprecated in Firefox and will be removed. Please use RENDERER.
JavaScript warning: https://www.amazon.es/dp/B006TH5DUK/ref=olp-opf-redir?aod=1 line 10619 > injectedScript, line 1: WEBGL_debug_renderer_info is deprecated in Firefox and will be removed. Please use RENDERER.
JavaScript warning: https://www.amazon.es/dp/B0073FO9AM/ref=olp-opf-redir?aod=1 line 9850 > injectedScript, line 1: WEBGL_debug_renderer_info is deprecated in Firefox and will be removed. Please use RENDERER.
JavaScript warning: https://www.amazon.es/dp/B0073FD66A/ref=olp-opf-redir?aod=1 line 10525 > injectedScript, line 1: WEBGL_debug_renderer_info is deprecated in Firefox and will be removed. Please use RENDERER.
JavaScript warning: https://www.amazon.es/dp/B0073FTCJU/ref=olp-opf-redir?aod=1 line 8828 > injectedScript, line 1: WEBGL_debug_renderer_info is deprecated in Firefox and will be removed. Please use RENDERER.
console.warn: LoginRecipes: "Falling back to a synchronous message for: https://www.amazon.es."
JavaScript warning: https://www.amazon.es/dp/B0073FO9AM/ref=olp-opf-redir?aod=1 line 9850 > injectedScript, line 1: WEBGL_debug_renderer_info is deprecated in Firefox and will be removed. Please use RENDERER.
JavaScript warning: https://www.amazon.es/dp/B006TH5DUK/ref=olp-opf-redir?aod=1 line 10613 > injectedScript, line 1: WEBGL_debug_renderer_info is deprecated in Firefox and will be removed. Please use RENDERER.
JavaScript warning: https://m.media-amazon.com/images/I/61ZS63EQSsL.js?AUIClients/AmazonUIjQuery, line 54: Using //@ to indicate sourceURL pragmas is deprecated. Use //# instead
JavaScript warning: https://www.amazon.es/dp/B00GB8IA5C/ref=olp-opf-redir?aod=1 line 8501 > injectedScript, line 1: WEBGL_debug_renderer_info is deprecated in Firefox and will be removed. Please use RENDERER.
JavaScript warning: https://www.amazon.es/dp/B00GCCQ3DI/ref=olp-opf-redir?aod=1 line 9930 > injectedScript, line 1: WEBGL_debug_renderer_info is deprecated in Firefox and will be removed. Please use RENDERER.
JavaScript warning: https://www.amazon.es/dp/B00GHUZDFO/ref=olp-opf-redir?aod=1 line 10086 > injectedScript, line 1: WEBGL_debug_renderer_info is deprecated in Firefox and will be removed. Please use RENDERER.
JavaScript warning: https://www.amazon.es/dp/B00GTW4QQ2/ref=olp-opf-redir?aod=1 line 8532 > injectedScript, line 1: WEBGL_debug_renderer_info is deprecated in Firefox and will be removed. Please use RENDERER.
JavaScript warning: https://www.amazon.es/dp/B00GTW4S3S/ref=olp-opf-redir?aod=1 line 10685 > injectedScript, line 1: WEBGL_debug_renderer_info is deprecated in Firefox and will be removed. Please use RENDERER.
JavaScript warning: https://www.amazon.es/dp/B00GTW4S3S/ref=olp-opf-redir?aod=1 line 10700 > injectedScript, line 1: WEBGL_debug_renderer_info is deprecated in Firefox and will be removed. Please use RENDERER.
JavaScript warning: https://www.amazon.es/dp/B00GTW4QQ2/ref=olp-opf-redir?aod=1 line 8528 > injectedScript, line 1: WEBGL_debug_renderer_info is deprecated in Firefox and will be removed. Please use RENDERER.
JavaScript warning: https://www.amazon.es/dp/B00OOUSJ0A/ref=olp-opf-redir?aod=1 line 10481 > injectedScript, line 1: WEBGL_debug_renderer_info is deprecated in Firefox and will be removed. Please use RENDERER.
JavaScript warning: https://www.amazon.es/dp/B00QFKIYX4/ref=olp-opf-redir?aod=1 line 8295 > injectedScript, line 1: WEBGL_debug_renderer_info is deprecated in Firefox and will be removed. Please use RENDERER.
JavaScript warning: https://www.amazon.es/dp/B00GTW4S3S/ref=olp-opf-redir?aod=1 line 10696 > injectedScript, line 1: WEBGL_debug_renderer_info is deprecated in Firefox and will be removed. Please use RENDERER.
JavaScript warning: https://www.amazon.es/dp/B00GTW4QQ2/ref=olp-opf-redir?aod=1 line 8525 > injectedScript, line 1: WEBGL_debug_renderer_info is deprecated in Firefox and will be removed. Please use RENDERER.
JavaScript warning: https://www.amazon.es/dp/B00U1JHWR4/ref=olp-opf-redir?aod=1 line 10523 > injectedScript, line 1: WEBGL_debug_renderer_info is deprecated in Firefox and will be removed. Please use RENDERER.
JavaScript warning: https://www.amazon.es/dp/B00VO6BRGK/ref=olp-opf-redir?aod=1 line 10047 > injectedScript, line 1: WEBGL_debug_renderer_info is deprecated in Firefox and will be removed. Please use RENDERER.
JavaScript warning: https://www.amazon.es/dp/B00ZPQ129C/ref=olp-opf-redir?aod=1 line 10566 > injectedScript, line 1: WEBGL_debug_renderer_info is deprecated in Firefox and will be removed. Please use RENDERER.
JavaScript warning: https://www.amazon.es/dp/B011DCMQZA/ref=olp-opf-redir?aod=1 line 9712 > injectedScript, line 1: WEBGL_debug_renderer_info is deprecated in Firefox and will be removed. Please use RENDERER.
JavaScript warning: https://www.amazon.es/dp/B00VO6BRGK/ref=olp-opf-redir?aod=1 line 10041 > injectedScript, line 1: WEBGL_debug_renderer_info is deprecated in Firefox and will be removed. Please use RENDERER.
JavaScript warning: https://www.amazon.es/dp/B00U1JHWR4/ref=olp-opf-redir?aod=1 line 10511 > injectedScript, line 1: WEBGL_debug_renderer_info is deprecated in Firefox and will be removed. Please use RENDERER.
JavaScript warning: https://www.amazon.es/dp/B011DCMQZA/ref=olp-opf-redir?aod=1 line 9712 > injectedScript, line 1: WEBGL_debug_renderer_info is deprecated in Firefox and will be removed. Please use RENDERER.
JavaScript warning: https://www.amazon.es/dp/B00ZPQ129C/ref=olp-opf-redir?aod=1 line 10552 > injectedScript, line 1: WEBGL_debug_renderer_info is deprecated in Firefox and will be removed. Please use RENDERER.
JavaScript warning: https://www.amazon.es/dp/B00U1JHWR4/ref=olp-opf-redir?aod=1 line 10526 > injectedScript, line 1: WEBGL_debug_renderer_info is deprecated in Firefox and will be removed. Please use RENDERER.
JavaScript warning: https://www.amazon.es/dp/B00VO6BRGK/ref=olp-opf-redir?aod=1 line 10041 > injectedScript, line 1: WEBGL_debug_renderer_info is deprecated in Firefox and will be removed. Please use RENDERER.
JavaScript warning: https://www.amazon.es/dp/B011DCMQZA/ref=olp-opf-redir?aod=1 line 9712 > injectedScript, line 1: WEBGL_debug_renderer_info is deprecated in Firefox and will be removed. Please use RENDERER.
JavaScript warning: https://www.amazon.es/dp/B00VO6BRGK/ref=olp-opf-redir?aod=1 line 10041 > injectedScript, line 1: WEBGL_debug_renderer_info is deprecated in Firefox and will be removed. Please use RENDERER.
1688539833117	Marionette	WARN	Ignoring event 'pageshow' because document has an invalid readyState of 'uninitialized'.
JavaScript warning: https://www.amazon.es/dp/B00U1JHWR4/ref=olp-opf-redir?aod=1 line 10527 > injectedScript, line 1: WEBGL_debug_renderer_info is deprecated in Firefox and will be removed. Please use RENDERER.
JavaScript warning: https://www.amazon.es/dp/B0165H0JHU/ref=olp-opf-redir?aod=1 line 8705 > injectedScript, line 1: WEBGL_debug_renderer_info is deprecated in Firefox and will be removed. Please use RENDERER.
JavaScript warning: https://www.amazon.es/dp/B011DCMQZA/ref=olp-opf-redir?aod=1 line 9712 > injectedScript, line 1: WEBGL_debug_renderer_info is deprecated in Firefox and will be removed. Please use RENDERER.
JavaScript warning: https://www.amazon.es/dp/B0165H0JHU/ref=olp-opf-redir?aod=1 line 8708 > injectedScript, line 1: WEBGL_debug_renderer_info is deprecated in Firefox and will be removed. Please use RENDERER.
JavaScript warning: https://www.amazon.es/dp/B00U1JHWR4/ref=olp-opf-redir?aod=1 line 10515 > injectedScript, line 1: WEBGL_debug_renderer_info is deprecated in Firefox and will be removed. Please use RENDERER.
JavaScript warning: https://www.amazon.es/dp/B00VO6BRGK/ref=olp-opf-redir?aod=1 line 10035 > injectedScript, line 1: WEBGL_debug_renderer_info is deprecated in Firefox and will be removed. Please use RENDERER.
JavaScript warning: https://www.amazon.es/dp/B011DCMQZA/ref=olp-opf-redir?aod=1 line 9712 > injectedScript, line 1: WEBGL_debug_renderer_info is deprecated in Firefox and will be removed. Please use RENDERER.
JavaScript warning: https://www.amazon.es/dp/B00VO6BRGK/ref=olp-opf-redir?aod=1 line 10041 > injectedScript, line 1: WEBGL_debug_renderer_info is deprecated in Firefox and will be removed. Please use RENDERER.
JavaScript warning: https://www.amazon.es/dp/B00U1JHWR4/ref=olp-opf-redir?aod=1 line 10530 > injectedScript, line 1: WEBGL_debug_renderer_info is deprecated in Firefox and will be removed. Please use RENDERER.
JavaScript warning: https://www.amazon.es/dp/B0165H0JHU/ref=olp-opf-redir?aod=1 line 8723 > injectedScript, line 1: WEBGL_debug_renderer_info is deprecated in Firefox and will be removed. Please use RENDERER.
JavaScript warning: https://www.amazon.es/dp/B011DCMQZA/ref=olp-opf-redir?aod=1 line 9712 > injectedScript, line 1: WEBGL_debug_renderer_info is deprecated in Firefox and will be removed. Please use RENDERER.
JavaScript warning: https://www.amazon.es/dp/B06XSF4R1X/ref=olp-opf-redir?aod=1 line 10117 > injectedScript, line 1: WEBGL_debug_renderer_info is deprecated in Firefox and will be removed. Please use RENDERER.
JavaScript warning: https://www.amazon.es/dp/B0165H0JHU/ref=olp-opf-redir?aod=1 line 8702 > injectedScript, line 1: WEBGL_debug_renderer_info is deprecated in Firefox and will be removed. Please use RENDERER.
JavaScript warning: https://www.amazon.es/dp/B00U1JHWR4/ref=olp-opf-redir?aod=1 line 10512 > injectedScript, line 1: WEBGL_debug_renderer_info is deprecated in Firefox and will be removed. Please use RENDERER.
JavaScript warning: https://www.amazon.es/dp/B06XSF4R1X/ref=olp-opf-redir?aod=1 line 10117 > injectedScript, line 1: WEBGL_debug_renderer_info is deprecated in Firefox and will be removed. Please use RENDERER.
JavaScript warning: https://www.amazon.es/dp/B011DCMQZA/ref=olp-opf-redir?aod=1 line 9712 > injectedScript, line 1: WEBGL_debug_renderer_info is deprecated in Firefox and will be removed. Please use RENDERER.
JavaScript warning: https://www.amazon.es/dp/B00U1JHWR4/ref=olp-opf-redir?aod=1 line 10530 > injectedScript, line 1: WEBGL_debug_renderer_info is deprecated in Firefox and will be removed. Please use RENDERER.
JavaScript warning: https://www.amazon.es/dp/B0165H0JHU/ref=olp-opf-redir?aod=1 line 8723 > injectedScript, line 1: WEBGL_debug_renderer_info is deprecated in Firefox and will be removed. Please use RENDERER.
JavaScript warning: https://www.amazon.es/dp/B011DCMQZA/ref=olp-opf-redir?aod=1 line 9712 > injectedScript, line 1: WEBGL_debug_renderer_info is deprecated in Firefox and will be removed. Please use RENDERER.
JavaScript warning: https://www.amazon.es/dp/B06XSF4R1X/ref=olp-opf-redir?aod=1 line 10118 > injectedScript, line 1: WEBGL_debug_renderer_info is deprecated in Firefox and will be removed. Please use RENDERER.
JavaScript warning: https://www.amazon.es/dp/B0165H0JHU/ref=olp-opf-redir?aod=1 line 8705 > injectedScript, line 1: WEBGL_debug_renderer_info is deprecated in Firefox and will be removed. Please use RENDERER.
JavaScript warning: https://www.amazon.es/dp/B00U1JHWR4/ref=olp-opf-redir?aod=1 line 10518 > injectedScript, line 1: WEBGL_debug_renderer_info is deprecated in Firefox and will be removed. Please use RENDERER.
JavaScript warning: https://www.amazon.es/dp/B06XSF4R1X/ref=olp-opf-redir?aod=1 line 10114 > injectedScript, line 1: WEBGL_debug_renderer_info is deprecated in Firefox and will be removed. Please use RENDERER.
JavaScript warning: https://www.amazon.es/dp/B011DCMQZA/ref=olp-opf-redir?aod=1 line 9727 > injectedScript, line 1: WEBGL_debug_renderer_info is deprecated in Firefox and will be removed. Please use RENDERER.
JavaScript warning: https://www.amazon.es/dp/B00U1JHWR4/ref=olp-opf-redir?aod=1 line 10536 > injectedScript, line 1: WEBGL_debug_renderer_info is deprecated in Firefox and will be removed. Please use RENDERER.
JavaScript warning: https://www.amazon.es/dp/B0165H0JHU/ref=olp-opf-redir?aod=1 line 8720 > injectedScript, line 1: WEBGL_debug_renderer_info is deprecated in Firefox and will be removed. Please use RENDERER.
JavaScript warning: https://www.amazon.es/dp/B00VO6BRGK/ref=olp-opf-redir?aod=1 line 10044 > injectedScript, line 1: WEBGL_debug_renderer_info is deprecated in Firefox and will be removed. Please use RENDERER.
JavaScript warning: https://www.amazon.es/dp/B06ZZ6CDY1/ref=olp-opf-redir?aod=1 line 8780 > injectedScript, line 1: WEBGL_debug_renderer_info is deprecated in Firefox and will be removed. Please use RENDERER.
JavaScript warning: https://www.amazon.es/dp/B074HB44JQ/ref=olp-opf-redir?aod=1 line 9558 > injectedScript, line 1: WEBGL_debug_renderer_info is deprecated in Firefox and will be removed. Please use RENDERER.
JavaScript warning: https://www.amazon.es/dp/B075PLPVWF/ref=olp-opf-redir?aod=1 line 9935 > injectedScript, line 1: WEBGL_debug_renderer_info is deprecated in Firefox and will be removed. Please use RENDERER.
JavaScript warning: https://www.amazon.es/dp/B079GPHV44/ref=olp-opf-redir?aod=1 line 8721 > injectedScript, line 1: WEBGL_debug_renderer_info is deprecated in Firefox and will be removed. Please use RENDERER.
JavaScript warning: https://www.amazon.es/dp/B07RRBZF7T/ref=olp-opf-redir?aod=1 line 9937 > injectedScript, line 1: WEBGL_debug_renderer_info is deprecated in Firefox and will be removed. Please use RENDERER.
JavaScript warning: https://www.amazon.es/dp/B07ZJ82DFL/ref=olp-opf-redir?aod=1 line 10863 > injectedScript, line 1: WEBGL_debug_renderer_info is deprecated in Firefox and will be removed. Please use RENDERER.
JavaScript warning: https://www.amazon.es/dp/B07ZL6B5SS/ref=olp-opf-redir?aod=1 line 10119 > injectedScript, line 1: WEBGL_debug_renderer_info is deprecated in Firefox and will be removed. Please use RENDERER.
JavaScript warning: https://www.amazon.es/dp/B0813DB98Y/ref=olp-opf-redir?aod=1 line 9819 > injectedScript, line 1: WEBGL_debug_renderer_info is deprecated in Firefox and will be removed. Please use RENDERER.
JavaScript warning: https://www.amazon.es/dp/B08SXQTV52/ref=olp-opf-redir?aod=1 line 10162 > injectedScript, line 1: WEBGL_debug_renderer_info is deprecated in Firefox and will be removed. Please use RENDERER.
JavaScript warning: https://www.amazon.es/dp/B08SXSWC7Y/ref=olp-opf-redir?aod=1 line 9845 > injectedScript, line 1: WEBGL_debug_renderer_info is deprecated in Firefox and will be removed. Please use RENDERER.
1688540837799	geckodriver	INFO	Listening on 127.0.0.1:50443
1688540838235	mozrunner::runner	INFO	Running command: MOZ_CRASHREPORTER="1" MOZ_CRASHREPORTER_NO_REPORT="1" MOZ_CRASHREPORTER_SHUTDOWN="1" MOZ_NO_REMOTE="1" "/App ... s" "localhost" "-foreground" "-no-remote" "-profile" "/var/folders/wg/6mm1j8cs2476jfn9671pkwpc0000gp/T/rust_mozprofileM0pZtf"
console.warn: services.settings: Ignoring preference override of remote settings server
console.warn: services.settings: Allow by setting MOZ_REMOTE_SETTINGS_DEVTOOLS=1 in the environment
1688540838700	Marionette	INFO	Marionette enabled
1688540839115	Marionette	INFO	Listening on port 50451
console.error: "Warning: unrecognized command line flag -remote-allow-hosts\n"
Read port: 50451
WebDriver BiDi listening on ws://127.0.0.1:50444
1688540839202	RemoteAgent	WARN	TLS certificate errors will be ignored for this session
DevTools listening on ws://127.0.0.1:50444/devtools/browser/2b0cc9d1-dbdf-46a7-805f-ab44eb2a639b
Exiting due to channel error.
Exiting due to channel error.
Exiting due to channel error.
Exiting due to channel error.
Exiting due to channel error.
Exiting due to channel error.
1688540849173	Marionette	INFO	Stopped listening on port 50017
1688540967776	geckodriver	INFO	Listening on 127.0.0.1:50523
1688540968214	mozrunner::runner	INFO	Running command: MOZ_CRASHREPORTER="1" MOZ_CRASHREPORTER_NO_REPORT="1" MOZ_CRASHREPORTER_SHUTDOWN="1" MOZ_NO_REMOTE="1" "/App ... s" "localhost" "-foreground" "-no-remote" "-profile" "/var/folders/wg/6mm1j8cs2476jfn9671pkwpc0000gp/T/rust_mozprofile9wjJcG"
console.warn: services.settings: Ignoring preference override of remote settings server
console.warn: services.settings: Allow by setting MOZ_REMOTE_SETTINGS_DEVTOOLS=1 in the environment
1688540968602	Marionette	INFO	Marionette enabled
1688540969004	Marionette	INFO	Listening on port 50531
console.error: "Warning: unrecognized command line flag -remote-allow-hosts\n"
Read port: 50531
WebDriver BiDi listening on ws://127.0.0.1:50524
1688540969090	RemoteAgent	WARN	TLS certificate errors will be ignored for this session
DevTools listening on ws://127.0.0.1:50524/devtools/browser/dfe17205-644f-42e3-89c6-ab2b76578ef5
JavaScript warning: https://www.amazon.es/dp/B005FNKMF0/ref=olp-opf-redir?aod=1 line 10605 > injectedScript, line 1: WEBGL_debug_renderer_info is deprecated in Firefox and will be removed. Please use RENDERER.
Exiting due to channel error.
Exiting due to channel error.
Exiting due to channel error.
Exiting due to channel error.
Exiting due to channel error.
Exiting due to channel error.
1688541347430	geckodriver	INFO	Listening on 127.0.0.1:50624
1688541347880	mozrunner::runner	INFO	Running command: MOZ_CRASHREPORTER="1" MOZ_CRASHREPORTER_NO_REPORT="1" MOZ_CRASHREPORTER_SHUTDOWN="1" MOZ_NO_REMOTE="1" "/App ... s" "localhost" "-foreground" "-no-remote" "-profile" "/var/folders/wg/6mm1j8cs2476jfn9671pkwpc0000gp/T/rust_mozprofilew9wLof"
*** You are running in headless mode.
console.warn: services.settings: Ignoring preference override of remote settings server
console.warn: services.settings: Allow by setting MOZ_REMOTE_SETTINGS_DEVTOOLS=1 in the environment
1688541348171	Marionette	INFO	Marionette enabled
1688541348638	Marionette	INFO	Listening on port 50632
console.error: "Warning: unrecognized command line flag -remote-allow-hosts\n"
Read port: 50632
WebDriver BiDi listening on ws://127.0.0.1:50625
1688541348719	RemoteAgent	WARN	TLS certificate errors will be ignored for this session
[GFX1-]: RenderCompositorSWGL failed mapping default framebuffer, no dt
DevTools listening on ws://127.0.0.1:50625/devtools/browser/61a7ccf9-1565-4c7c-a3e2-ab1cd4bac2c0
JavaScript warning: https://www.amazon.es/dp/B005FNKMF0/ref=olp-opf-redir?aod=1 line 10604 > injectedScript, line 1: WEBGL_debug_renderer_info is deprecated in Firefox and will be removed. Please use RENDERER.
JavaScript warning: https://www.amazon.es/dp/B006TH5DUK/ref=olp-opf-redir?aod=1 line 10746 > injectedScript, line 1: WEBGL_debug_renderer_info is deprecated in Firefox and will be removed. Please use RENDERER.
JavaScript warning: https://m.media-amazon.com/images/I/61ZS63EQSsL.js?AUIClients/AmazonUIjQuery, line 54: Using //@ to indicate sourceURL pragmas is deprecated. Use //# instead
JavaScript warning: https://www.amazon.es/dp/B0073FD66A/ref=olp-opf-redir?aod=1 line 10545 > injectedScript, line 1: WEBGL_debug_renderer_info is deprecated in Firefox and will be removed. Please use RENDERER.
JavaScript warning: https://www.amazon.es/dp/B0073FO9AM/ref=olp-opf-redir?aod=1 line 9855 > injectedScript, line 1: WEBGL_debug_renderer_info is deprecated in Firefox and will be removed. Please use RENDERER.
JavaScript warning: https://www.amazon.es/dp/B0073FTCJU/ref=olp-opf-redir?aod=1 line 8842 > injectedScript, line 1: WEBGL_debug_renderer_info is deprecated in Firefox and will be removed. Please use RENDERER.
JavaScript warning: https://www.amazon.es/dp/B00GB8IA5C/ref=olp-opf-redir?aod=1 line 8500 > injectedScript, line 1: WEBGL_debug_renderer_info is deprecated in Firefox and will be removed. Please use RENDERER.
JavaScript warning: https://www.amazon.es/dp/B00GCCQ3DI/ref=olp-opf-redir?aod=1 line 9919 > injectedScript, line 1: WEBGL_debug_renderer_info is deprecated in Firefox and will be removed. Please use RENDERER.
JavaScript warning: https://www.amazon.es/dp/B00GHUZDFO/ref=olp-opf-redir?aod=1 line 10104 > injectedScript, line 1: WEBGL_debug_renderer_info is deprecated in Firefox and will be removed. Please use RENDERER.
JavaScript warning: https://www.amazon.es/dp/B00GTW4QQ2/ref=olp-opf-redir?aod=1 line 8531 > injectedScript, line 1: WEBGL_debug_renderer_info is deprecated in Firefox and will be removed. Please use RENDERER.
JavaScript warning: https://www.amazon.es/dp/B00GTW4S3S/ref=olp-opf-redir?aod=1 line 10700 > injectedScript, line 1: WEBGL_debug_renderer_info is deprecated in Firefox and will be removed. Please use RENDERER.
JavaScript warning: https://www.amazon.es/dp/B00OOUSJ0A/ref=olp-opf-redir?aod=1 line 10474 > injectedScript, line 1: WEBGL_debug_renderer_info is deprecated in Firefox and will be removed. Please use RENDERER.
JavaScript warning: https://www.amazon.es/dp/B00QFKIYX4/ref=olp-opf-redir?aod=1 line 8298 > injectedScript, line 1: WEBGL_debug_renderer_info is deprecated in Firefox and will be removed. Please use RENDERER.
JavaScript warning: https://www.amazon.es/dp/B00U1JHWR4/ref=olp-opf-redir?aod=1 line 10521 > injectedScript, line 1: WEBGL_debug_renderer_info is deprecated in Firefox and will be removed. Please use RENDERER.
JavaScript warning: https://www.amazon.es/dp/B00VO6BRGK/ref=olp-opf-redir?aod=1 line 10062 > injectedScript, line 1: WEBGL_debug_renderer_info is deprecated in Firefox and will be removed. Please use RENDERER.
JavaScript warning: https://www.amazon.es/dp/B00ZPQ129C/ref=olp-opf-redir?aod=1 line 10610 > injectedScript, line 1: WEBGL_debug_renderer_info is deprecated in Firefox and will be removed. Please use RENDERER.
JavaScript warning: https://www.amazon.es/dp/B011DCMQZA/ref=olp-opf-redir?aod=1 line 9780 > injectedScript, line 1: WEBGL_debug_renderer_info is deprecated in Firefox and will be removed. Please use RENDERER.
JavaScript warning: https://www.amazon.es/dp/B0165H0JHU/ref=olp-opf-redir?aod=1 line 8725 > injectedScript, line 1: WEBGL_debug_renderer_info is deprecated in Firefox and will be removed. Please use RENDERER.
JavaScript warning: https://www.amazon.es/dp/B06XSF4R1X/ref=olp-opf-redir?aod=1 line 10123 > injectedScript, line 1: WEBGL_debug_renderer_info is deprecated in Firefox and will be removed. Please use RENDERER.
JavaScript warning: https://www.amazon.es/dp/B06ZZ6CDY1/ref=olp-opf-redir?aod=1 line 8763 > injectedScript, line 1: WEBGL_debug_renderer_info is deprecated in Firefox and will be removed. Please use RENDERER.
JavaScript warning: https://www.amazon.es/dp/B074HB44JQ/ref=olp-opf-redir?aod=1 line 9567 > injectedScript, line 1: WEBGL_debug_renderer_info is deprecated in Firefox and will be removed. Please use RENDERER.
JavaScript warning: https://www.amazon.es/dp/B075PLPVWF/ref=olp-opf-redir?aod=1 line 9965 > injectedScript, line 1: WEBGL_debug_renderer_info is deprecated in Firefox and will be removed. Please use RENDERER.
JavaScript warning: https://www.amazon.es/dp/B079GPHV44/ref=olp-opf-redir?aod=1 line 8730 > injectedScript, line 1: WEBGL_debug_renderer_info is deprecated in Firefox and will be removed. Please use RENDERER.
JavaScript warning: https://www.amazon.es/dp/B07RRBZF7T/ref=olp-opf-redir?aod=1 line 9961 > injectedScript, line 1: WEBGL_debug_renderer_info is deprecated in Firefox and will be removed. Please use RENDERER.
JavaScript warning: https://www.amazon.es/dp/B07ZJ82DFL/ref=olp-opf-redir?aod=1 line 10865 > injectedScript, line 1: WEBGL_debug_renderer_info is deprecated in Firefox and will be removed. Please use RENDERER.
JavaScript warning: https://www.amazon.es/dp/B07ZL6B5SS/ref=olp-opf-redir?aod=1 line 10125 > injectedScript, line 1: WEBGL_debug_renderer_info is deprecated in Firefox and will be removed. Please use RENDERER.
JavaScript warning: https://www.amazon.es/dp/B0813DB98Y/ref=olp-opf-redir?aod=1 line 9834 > injectedScript, line 1: WEBGL_debug_renderer_info is deprecated in Firefox and will be removed. Please use RENDERER.
JavaScript warning: https://www.amazon.es/dp/B08SXQTV52/ref=olp-opf-redir?aod=1 line 10185 > injectedScript, line 1: WEBGL_debug_renderer_info is deprecated in Firefox and will be removed. Please use RENDERER.
JavaScript warning: https://www.amazon.es/dp/B08SXSWC7Y/ref=olp-opf-redir?aod=1 line 9854 > injectedScript, line 1: WEBGL_debug_renderer_info is deprecated in Firefox and will be removed. Please use RENDERER.
