2023-05-05 12:26:25,206 - INFO - Scraper ejecutado exitosamente
2023-05-05 12:26:27,143 - INFO - Archivo enviado a la API exitosamente
2023-05-05 12:26:27,149 - INFO - Archivo send.json eliminado
2023-05-06 09:16:33,360 - INFO - Scraper ejecutado exitosamente
2023-05-06 09:16:37,520 - INFO - Archivo enviado a la API exitosamente
2023-05-06 09:16:37,527 - INFO - Archivo send.json eliminado
2023-05-07 11:03:35,853 - INFO - Scraper ejecutado exitosamente
2023-05-07 11:03:37,869 - INFO - Archivo enviado a la API exitosamente
2023-05-07 11:03:37,875 - INFO - Archivo send.json eliminado
2023-05-08 09:55:06,657 - INFO - Scraper ejecutado exitosamente
2023-05-08 09:55:13,845 - INFO - Archivo enviado a la API exitosamente
2023-05-08 09:55:13,852 - INFO - Archivo send.json eliminado
2023-05-09 09:35:04,394 - INFO - Scraper ejecutado exitosamente
2023-05-09 09:35:12,157 - INFO - Archivo enviado a la API exitosamente
2023-05-09 09:35:12,163 - INFO - Archivo send.json eliminado
2023-05-10 09:28:07,755 - INFO - Scraper ejecutado exitosamente
2023-05-10 09:28:13,597 - INFO - Archivo enviado a la API exitosamente
2023-05-10 09:28:13,604 - INFO - Archivo send.json eliminado
2023-05-11 09:22:12,487 - INFO - Scraper ejecutado exitosamente
2023-05-11 09:22:19,812 - INFO - Archivo enviado a la API exitosamente
2023-05-11 09:22:19,813 - INFO - Archivo send.json eliminado
2023-05-12 09:25:58,592 - INFO - Scraper ejecutado exitosamente
2023-05-12 09:26:05,373 - INFO - Archivo enviado a la API exitosamente
2023-05-12 09:26:05,385 - INFO - Archivo send.json eliminado
2023-05-12 10:28:02,834 - INFO - Scraper ejecutado exitosamente
2023-05-12 10:28:02,835 - ERROR - Error en el proceso principal: Extra data: line 468 column 1 (char 13488)
2023-05-12 10:38:48,723 - INFO - Scraper ejecutado exitosamente
2023-05-12 10:38:48,742 - ERROR - Error al enviar el archivo a la API: 500 Server Error: INTERNAL SERVER ERROR for url: http://127.0.0.1:5000/file
2023-05-12 10:38:48,742 - ERROR - Error en el proceso principal: 500 Server Error: INTERNAL SERVER ERROR for url: http://127.0.0.1:5000/file
2023-05-13 10:38:39,635 - INFO - Scraper ejecutado exitosamente
2023-05-13 10:38:47,136 - INFO - Archivo enviado a la API exitosamente
2023-05-13 10:38:47,136 - INFO - Archivo send.json eliminado
2023-05-13 17:06:16,830 - ERROR - Error al ejecutar el scraper: Command 'scrapy crawl amazon -o 2023-05-13.json -a user_id=1' returned non-zero exit status 1.
2023-05-13 17:06:16,831 - ERROR - Error en el proceso principal: Command 'scrapy crawl amazon -o 2023-05-13.json -a user_id=1' returned non-zero exit status 1.
2023-05-13 17:07:47,800 - INFO - Scraper ejecutado exitosamente
2023-05-13 17:07:51,255 - INFO - Archivo enviado a la API exitosamente
2023-05-13 17:07:51,256 - INFO - Archivo send.json eliminado
2023-05-14 11:03:38,116 - INFO - Scraper ejecutado exitosamente
2023-05-14 11:03:44,362 - INFO - Archivo enviado a la API exitosamente
2023-05-14 11:03:44,363 - INFO - Archivo send.json eliminado
2023-05-15 07:17:45,547 - INFO - Scraper ejecutado exitosamente
2023-05-15 07:17:51,540 - INFO - Archivo enviado a la API exitosamente
2023-05-15 07:17:51,541 - INFO - Archivo send.json eliminado
2023-05-16 13:26:07,910 - ERROR - Error al ejecutar el scraper: Command 'scrapy crawl amazon -o 2023-05-16.json' returned non-zero exit status 1.
2023-05-16 13:26:07,910 - ERROR - Error en el proceso principal: Command 'scrapy crawl amazon -o 2023-05-16.json' returned non-zero exit status 1.
2023-05-16 14:21:36,914 - INFO - Scraper ejecutado exitosamente
2023-05-16 14:21:44,320 - INFO - Archivo enviado a la API exitosamente
2023-05-16 14:21:44,330 - INFO - Archivo send.json eliminado
2023-05-17 22:10:54,472 - INFO - Scraper ejecutado exitosamente
2023-05-17 22:11:00,445 - INFO - Archivo enviado a la API exitosamente
2023-05-17 22:11:00,446 - INFO - Archivo send.json eliminado
2023-05-18 07:13:25,754 - INFO - Scraper ejecutado exitosamente
2023-05-18 07:13:32,935 - INFO - Archivo enviado a la API exitosamente
2023-05-18 07:13:32,936 - INFO - Archivo send.json eliminado
2023-05-19 17:46:38,377 - ERROR - Error al ejecutar el scraper: Command 'scrapy crawl amazon -o 2023-05-19.json' returned non-zero exit status 1.
2023-05-19 17:46:38,377 - ERROR - Error en el proceso principal: Command 'scrapy crawl amazon -o 2023-05-19.json' returned non-zero exit status 1.
2023-05-19 17:52:46,775 - INFO - Scraper ejecutado exitosamente
2023-05-19 17:52:52,611 - INFO - Archivo enviado a la API exitosamente
2023-05-19 17:52:52,617 - INFO - Archivo send.json eliminado
2023-05-21 10:01:15,191 - INFO - Scraper ejecutado exitosamente
2023-05-21 10:01:22,679 - INFO - Archivo enviado a la API exitosamente
2023-05-21 10:01:22,680 - INFO - Archivo send.json eliminado
2023-05-21 10:21:17,762 - ERROR - Error en el proceso principal: [Errno 2] No such file or directory: 'src/send.json'
2023-05-21 10:22:09,373 - INFO - Archivo enviado a la API exitosamente
2023-05-21 10:22:09,374 - INFO - Archivo send.json eliminado
2023-05-22 19:17:20,810 - INFO - Scraper ejecutado exitosamente
2023-05-22 19:17:27,854 - INFO - Archivo enviado a la API exitosamente
2023-05-22 19:17:27,855 - INFO - Archivo send.json eliminado
2023-05-23 17:23:17,461 - INFO - Scraper ejecutado exitosamente
2023-05-23 17:23:24,081 - INFO - Archivo enviado a la API exitosamente
2023-05-23 17:23:24,081 - INFO - Archivo send.json eliminado
2023-05-24 23:30:15,494 - INFO - Scraper ejecutado exitosamente
2023-05-24 23:30:21,848 - INFO - Archivo enviado a la API exitosamente
2023-05-24 23:30:21,849 - INFO - Archivo send.json eliminado
2023-05-25 23:57:21,381 - INFO - Scraper ejecutado exitosamente
2023-05-25 23:57:28,773 - INFO - Archivo enviado a la API exitosamente
2023-05-25 23:57:28,774 - INFO - Archivo send.json eliminado
2023-05-26 15:17:20,090 - INFO - Scraper ejecutado exitosamente
2023-05-26 15:17:22,097 - INFO - Archivo enviado a la API exitosamente
2023-05-26 15:17:22,097 - INFO - Archivo send.json eliminado
2023-05-27 10:35:46,571 - INFO - Scraper ejecutado exitosamente
2023-05-27 10:35:52,949 - INFO - Archivo enviado a la API exitosamente
2023-05-27 10:35:52,949 - INFO - Archivo send.json eliminado
2023-05-28 10:02:27,295 - INFO - Scraper ejecutado exitosamente
2023-05-28 10:02:29,309 - INFO - Archivo enviado a la API exitosamente
2023-05-28 10:02:29,310 - INFO - Archivo send.json eliminado
2023-05-29 23:24:40,389 - INFO - Scraper ejecutado exitosamente
2023-05-29 23:24:47,894 - INFO - Archivo enviado a la API exitosamente
2023-05-29 23:24:47,894 - INFO - Archivo send.json eliminado
2023-05-30 23:26:29,576 - INFO - Scraper ejecutado exitosamente
2023-05-30 23:26:37,416 - INFO - Archivo enviado a la API exitosamente
2023-05-30 23:26:37,416 - INFO - Archivo send.json eliminado
2023-06-03 09:32:10,442 - INFO - Scraper ejecutado exitosamente
2023-06-03 09:32:18,517 - INFO - Archivo enviado a la API exitosamente
2023-06-03 09:32:18,517 - INFO - Archivo send.json eliminado
2023-06-03 09:35:19,467 - INFO - Archivo enviado a la API exitosamente
2023-06-03 09:35:19,470 - INFO - Archivo send.json eliminado
2023-06-03 09:36:08,095 - INFO - Archivo enviado a la API exitosamente
2023-06-03 09:36:08,097 - INFO - Archivo send.json eliminado
2023-06-03 09:37:06,727 - INFO - Archivo enviado a la API exitosamente
2023-06-03 09:37:06,727 - INFO - Archivo send.json eliminado
2023-06-03 09:38:28,762 - INFO - Archivo enviado a la API exitosamente
2023-06-03 09:38:28,765 - INFO - Archivo send.json eliminado
2023-06-03 16:57:03,334 - INFO - Archivo enviado a la API exitosamente
2023-06-03 16:57:03,339 - INFO - Archivo send.json eliminado
2023-06-04 10:44:57,414 - INFO - Scraper ejecutado exitosamente
2023-06-04 10:44:59,681 - INFO - Archivo enviado a la API exitosamente
2023-06-04 10:44:59,681 - INFO - Archivo send.json eliminado
2023-06-05 22:05:07,608 - INFO - Scraper ejecutado exitosamente
2023-06-05 22:05:15,296 - INFO - Archivo enviado a la API exitosamente
2023-06-05 22:05:15,297 - INFO - Archivo send.json eliminado
2023-06-06 18:28:23,234 - INFO - Scraper ejecutado exitosamente
2023-06-06 18:28:26,096 - INFO - Archivo enviado a la API exitosamente
2023-06-06 18:28:26,097 - INFO - Archivo send.json eliminado
2023-06-07 21:59:00,063 - INFO - Scraper ejecutado exitosamente
2023-06-07 21:59:07,196 - INFO - Archivo enviado a la API exitosamente
2023-06-07 21:59:07,197 - INFO - Archivo send.json eliminado
2023-06-08 16:31:54,002 - INFO - Scraper ejecutado exitosamente
2023-06-08 16:32:00,256 - INFO - Archivo enviado a la API exitosamente
2023-06-08 16:32:00,257 - INFO - Archivo send.json eliminado
2023-06-09 19:02:13,189 - INFO - Scraper ejecutado exitosamente
2023-06-09 19:02:19,796 - INFO - Archivo enviado a la API exitosamente
2023-06-09 19:02:19,796 - INFO - Archivo send.json eliminado
2023-06-10 17:44:53,434 - INFO - Scraper ejecutado exitosamente
2023-06-10 17:45:00,148 - INFO - Archivo enviado a la API exitosamente
2023-06-10 17:45:00,148 - INFO - Archivo send.json eliminado
2023-06-11 23:50:36,534 - INFO - Scraper ejecutado exitosamente
2023-06-11 23:50:39,137 - INFO - Archivo enviado a la API exitosamente
2023-06-11 23:50:39,138 - INFO - Archivo send.json eliminado
2023-06-12 21:33:15,726 - INFO - Scraper ejecutado exitosamente
2023-06-12 21:33:18,476 - INFO - Archivo enviado a la API exitosamente
2023-06-12 21:33:18,477 - INFO - Archivo send.json eliminado
2023-06-13 21:35:07,128 - INFO - Scraper ejecutado exitosamente
2023-06-13 21:35:14,413 - INFO - Archivo enviado a la API exitosamente
2023-06-13 21:35:14,414 - INFO - Archivo send.json eliminado
2023-06-14 23:16:49,189 - INFO - Scraper ejecutado exitosamente
2023-06-14 23:16:56,108 - INFO - Archivo enviado a la API exitosamente
2023-06-14 23:16:56,109 - INFO - Archivo send.json eliminado
2023-06-15 23:31:08,088 - INFO - Scraper ejecutado exitosamente
2023-06-15 23:31:14,852 - INFO - Archivo enviado a la API exitosamente
2023-06-15 23:31:14,853 - INFO - Archivo send.json eliminado
2023-06-16 21:20:13,393 - INFO - Scraper ejecutado exitosamente
2023-06-16 21:20:20,898 - INFO - Archivo enviado a la API exitosamente
2023-06-16 21:20:20,898 - INFO - Archivo send.json eliminado
2023-06-17 08:22:06,204 - INFO - Scraper ejecutado exitosamente
2023-06-17 08:22:17,613 - INFO - Archivo enviado a la API exitosamente
2023-06-17 08:22:17,621 - INFO - Archivo send.json eliminado
2023-06-18 21:53:49,459 - INFO - Scraper ejecutado exitosamente
2023-06-18 21:53:56,866 - INFO - Archivo enviado a la API exitosamente
2023-06-18 21:53:56,867 - INFO - Archivo send.json eliminado
2023-06-19 23:29:04,150 - INFO - Scraper ejecutado exitosamente
2023-06-19 23:29:07,991 - INFO - Archivo enviado a la API exitosamente
2023-06-19 23:29:07,991 - INFO - Archivo send.json eliminado
2023-06-20 21:47:13,389 - INFO - Scraper ejecutado exitosamente
2023-06-20 21:47:20,178 - INFO - Archivo enviado a la API exitosamente
2023-06-20 21:47:20,179 - INFO - Archivo send.json eliminado
2023-06-20 22:35:34,568 - INFO - Scraper ejecutado exitosamente
2023-06-20 22:35:34,569 - ERROR - Error en el proceso principal: Extra data: line 476 column 1 (char 13709)
2023-06-20 22:40:54,282 - INFO - Scraper ejecutado exitosamente
2023-06-21 18:58:48,181 - INFO - Scraper ejecutado exitosamente
2023-06-21 18:58:50,669 - INFO - Archivo enviado a la API exitosamente
2023-06-21 18:58:50,669 - INFO - Archivo send.json eliminado
2023-06-22 23:35:45,873 - INFO - Scraper ejecutado exitosamente
2023-06-22 23:35:49,919 - INFO - Archivo enviado a la API exitosamente
2023-06-22 23:35:49,919 - INFO - Archivo send.json eliminado
2023-06-23 15:05:56,596 - INFO - Scraper ejecutado exitosamente
2023-06-23 15:06:03,749 - INFO - Archivo enviado a la API exitosamente
2023-06-23 15:06:03,750 - INFO - Archivo send.json eliminado
2023-06-26 07:12:37,921 - INFO - Scraper ejecutado exitosamente
2023-06-26 07:12:44,994 - INFO - Archivo enviado a la API exitosamente
2023-06-26 07:12:44,994 - INFO - Archivo send.json eliminado
2023-06-27 20:44:43,527 - INFO - Scraper ejecutado exitosamente
2023-06-27 20:44:50,440 - INFO - Archivo enviado a la API exitosamente
2023-06-27 20:44:50,440 - INFO - Archivo send.json eliminado
2023-06-28 16:36:03,640 - INFO - Scraper ejecutado exitosamente
2023-06-28 16:36:06,788 - INFO - Archivo enviado a la API exitosamente
2023-06-28 16:36:06,788 - INFO - Archivo send.json eliminado
2023-06-29 22:19:22,543 - INFO - Scraper ejecutado exitosamente
2023-06-29 22:19:22,549 - ERROR - Error en el proceso principal: 'imagen'
2023-06-29 22:28:05,620 - INFO - Scraper ejecutado exitosamente
2023-06-29 22:28:15,163 - INFO - Archivo enviado a la API exitosamente
2023-06-29 22:28:15,164 - INFO - Archivo send.json eliminado
2023-06-29 22:44:38,921 - INFO - Archivo enviado a la API exitosamente
2023-06-29 22:44:38,921 - INFO - Archivo send.json eliminado
2023-06-29 22:51:18,945 - INFO - Archivo enviado a la API exitosamente
2023-06-29 22:51:19,212 - INFO - Archivo enviado a la API exitosamente
2023-06-29 22:51:19,465 - INFO - Archivo enviado a la API exitosamente
2023-06-29 22:51:19,715 - INFO - Archivo enviado a la API exitosamente
2023-06-29 22:51:19,966 - INFO - Archivo enviado a la API exitosamente
2023-06-29 22:51:20,218 - INFO - Archivo enviado a la API exitosamente
2023-06-29 22:51:20,455 - INFO - Archivo enviado a la API exitosamente
2023-06-29 22:51:20,691 - INFO - Archivo enviado a la API exitosamente
2023-06-29 22:51:20,933 - INFO - Archivo enviado a la API exitosamente
2023-06-29 22:51:21,173 - INFO - Archivo enviado a la API exitosamente
2023-06-29 22:51:21,403 - INFO - Archivo enviado a la API exitosamente
2023-06-29 22:51:21,626 - INFO - Archivo enviado a la API exitosamente
2023-06-29 22:51:21,856 - INFO - Archivo enviado a la API exitosamente
2023-06-29 22:51:22,084 - INFO - Archivo enviado a la API exitosamente
2023-06-29 22:51:22,315 - INFO - Archivo enviado a la API exitosamente
2023-06-29 22:51:22,564 - INFO - Archivo enviado a la API exitosamente
2023-06-29 22:51:22,789 - INFO - Archivo enviado a la API exitosamente
2023-06-29 22:51:23,036 - INFO - Archivo enviado a la API exitosamente
2023-06-29 22:51:23,275 - INFO - Archivo enviado a la API exitosamente
2023-06-29 22:51:23,525 - INFO - Archivo enviado a la API exitosamente
2023-06-29 22:51:23,777 - INFO - Archivo enviado a la API exitosamente
2023-06-29 22:51:24,032 - INFO - Archivo enviado a la API exitosamente
2023-06-29 22:51:24,282 - INFO - Archivo enviado a la API exitosamente
2023-06-29 22:51:24,527 - INFO - Archivo enviado a la API exitosamente
2023-06-29 22:51:24,778 - INFO - Archivo enviado a la API exitosamente
2023-06-29 22:51:25,024 - INFO - Archivo enviado a la API exitosamente
2023-06-29 22:51:25,270 - INFO - Archivo enviado a la API exitosamente
2023-06-29 22:51:25,520 - INFO - Archivo enviado a la API exitosamente
2023-06-29 22:51:25,780 - INFO - Archivo enviado a la API exitosamente
2023-06-29 22:51:26,051 - INFO - Archivo enviado a la API exitosamente
2023-06-29 22:51:26,305 - INFO - Archivo enviado a la API exitosamente
2023-06-29 22:51:26,560 - INFO - Archivo enviado a la API exitosamente
2023-06-29 22:51:26,808 - INFO - Archivo enviado a la API exitosamente
2023-06-29 22:51:27,047 - INFO - Archivo enviado a la API exitosamente
2023-06-29 22:51:27,293 - INFO - Archivo enviado a la API exitosamente
2023-06-29 22:51:27,540 - INFO - Archivo enviado a la API exitosamente
2023-06-29 22:51:27,792 - INFO - Archivo enviado a la API exitosamente
2023-06-29 22:51:28,046 - INFO - Archivo enviado a la API exitosamente
2023-06-29 22:51:28,312 - INFO - Archivo enviado a la API exitosamente
2023-06-29 22:51:28,489 - INFO - Archivo enviado a la API exitosamente
2023-06-29 22:51:28,756 - INFO - Archivo enviado a la API exitosamente
2023-06-29 22:51:29,095 - INFO - Archivo enviado a la API exitosamente
2023-06-29 22:51:29,409 - INFO - Archivo enviado a la API exitosamente
2023-06-29 22:51:29,855 - INFO - Archivo enviado a la API exitosamente
2023-06-29 22:51:30,316 - INFO - Archivo enviado a la API exitosamente
2023-06-29 22:51:30,720 - INFO - Archivo enviado a la API exitosamente
2023-06-29 22:51:31,113 - INFO - Archivo enviado a la API exitosamente
2023-06-29 22:51:31,532 - INFO - Archivo enviado a la API exitosamente
2023-06-29 22:51:31,920 - INFO - Archivo enviado a la API exitosamente
2023-06-29 22:51:31,921 - INFO - Archivo send.json eliminado
2023-06-29 22:53:07,653 - INFO - Archivo enviado a la API exitosamente
2023-06-29 22:53:07,925 - INFO - Archivo enviado a la API exitosamente
2023-06-29 22:53:08,373 - INFO - Archivo enviado a la API exitosamente
2023-06-29 22:53:08,707 - INFO - Archivo enviado a la API exitosamente
2023-06-29 22:53:09,155 - INFO - Archivo enviado a la API exitosamente
2023-06-29 22:53:09,606 - INFO - Archivo enviado a la API exitosamente
2023-06-29 22:53:09,948 - INFO - Archivo enviado a la API exitosamente
2023-06-29 22:53:10,351 - INFO - Archivo enviado a la API exitosamente
2023-06-29 22:53:10,733 - INFO - Archivo enviado a la API exitosamente
2023-06-29 22:53:11,117 - INFO - Archivo enviado a la API exitosamente
2023-06-29 22:53:11,507 - INFO - Archivo enviado a la API exitosamente
2023-06-29 22:53:11,873 - INFO - Archivo enviado a la API exitosamente
2023-06-29 22:53:12,257 - INFO - Archivo enviado a la API exitosamente
2023-06-29 22:53:12,630 - INFO - Archivo enviado a la API exitosamente
2023-06-29 22:53:12,997 - INFO - Archivo enviado a la API exitosamente
2023-06-29 22:53:13,372 - INFO - Archivo enviado a la API exitosamente
2023-06-29 22:53:13,743 - INFO - Archivo enviado a la API exitosamente
2023-06-29 22:53:14,112 - INFO - Archivo enviado a la API exitosamente
2023-06-29 22:53:14,495 - INFO - Archivo enviado a la API exitosamente
2023-06-29 22:53:14,887 - INFO - Archivo enviado a la API exitosamente
2023-06-29 22:53:15,315 - INFO - Archivo enviado a la API exitosamente
2023-06-29 22:53:15,740 - INFO - Archivo enviado a la API exitosamente
2023-06-29 22:53:16,133 - INFO - Archivo enviado a la API exitosamente
2023-06-29 22:53:16,514 - INFO - Archivo enviado a la API exitosamente
2023-06-29 22:53:16,933 - INFO - Archivo enviado a la API exitosamente
2023-06-29 22:53:17,320 - INFO - Archivo enviado a la API exitosamente
2023-06-29 22:53:17,752 - INFO - Archivo enviado a la API exitosamente
2023-06-29 22:53:18,143 - INFO - Archivo enviado a la API exitosamente
2023-06-29 22:53:18,570 - INFO - Archivo enviado a la API exitosamente
2023-06-29 22:53:19,000 - INFO - Archivo enviado a la API exitosamente
2023-06-29 22:53:19,422 - INFO - Archivo enviado a la API exitosamente
2023-06-29 22:53:19,823 - INFO - Archivo enviado a la API exitosamente
2023-06-29 22:53:20,253 - INFO - Archivo enviado a la API exitosamente
2023-06-29 22:53:20,648 - INFO - Archivo enviado a la API exitosamente
2023-06-29 22:53:21,066 - INFO - Archivo enviado a la API exitosamente
2023-06-29 22:53:21,451 - INFO - Archivo enviado a la API exitosamente
2023-06-29 22:53:21,852 - INFO - Archivo enviado a la API exitosamente
2023-06-29 22:53:22,337 - INFO - Archivo enviado a la API exitosamente
2023-06-29 22:53:22,778 - INFO - Archivo enviado a la API exitosamente
2023-06-29 22:53:23,117 - INFO - Archivo enviado a la API exitosamente
2023-06-29 22:53:23,491 - INFO - Archivo enviado a la API exitosamente
2023-06-29 22:53:24,010 - INFO - Archivo enviado a la API exitosamente
2023-06-29 22:53:24,444 - INFO - Archivo enviado a la API exitosamente
2023-06-29 22:53:24,858 - INFO - Archivo enviado a la API exitosamente
2023-06-29 22:53:25,296 - INFO - Archivo enviado a la API exitosamente
2023-06-29 22:53:25,734 - INFO - Archivo enviado a la API exitosamente
2023-06-29 22:53:26,136 - INFO - Archivo enviado a la API exitosamente
2023-06-29 22:53:26,540 - INFO - Archivo enviado a la API exitosamente
2023-06-29 22:53:26,981 - INFO - Archivo enviado a la API exitosamente
2023-06-29 22:53:26,982 - INFO - Archivo send.json eliminado
2023-06-29 23:40:34,561 - ERROR - Error al enviar el archivo a la API: 500 Server Error: Internal Server Error for url: http://127.0.0.1:8000/amazon/file/
2023-06-29 23:40:34,561 - ERROR - Error en el proceso principal: 500 Server Error: Internal Server Error for url: http://127.0.0.1:8000/amazon/file/
2023-06-29 23:45:14,895 - INFO - Archivo enviado a la API exitosamente
2023-06-29 23:45:15,409 - INFO - Archivo enviado a la API exitosamente
2023-06-29 23:45:15,836 - INFO - Archivo enviado a la API exitosamente
2023-06-29 23:45:16,295 - INFO - Archivo enviado a la API exitosamente
2023-06-29 23:45:16,559 - INFO - Archivo enviado a la API exitosamente
2023-06-29 23:45:16,915 - INFO - Archivo enviado a la API exitosamente
2023-06-29 23:45:17,211 - INFO - Archivo enviado a la API exitosamente
2023-06-29 23:45:17,476 - INFO - Archivo enviado a la API exitosamente
2023-06-29 23:45:17,739 - INFO - Archivo enviado a la API exitosamente
2023-06-29 23:45:17,996 - INFO - Archivo enviado a la API exitosamente
2023-06-29 23:45:18,248 - INFO - Archivo enviado a la API exitosamente
2023-06-29 23:45:18,485 - INFO - Archivo enviado a la API exitosamente
2023-06-29 23:45:18,723 - INFO - Archivo enviado a la API exitosamente
2023-06-29 23:45:18,969 - INFO - Archivo enviado a la API exitosamente
2023-06-29 23:45:19,194 - INFO - Archivo enviado a la API exitosamente
2023-06-29 23:45:19,423 - INFO - Archivo enviado a la API exitosamente
2023-06-29 23:45:19,649 - INFO - Archivo enviado a la API exitosamente
2023-06-29 23:45:19,876 - INFO - Archivo enviado a la API exitosamente
2023-06-29 23:45:20,104 - INFO - Archivo enviado a la API exitosamente
2023-06-29 23:45:20,340 - INFO - Archivo enviado a la API exitosamente
2023-06-29 23:45:20,574 - INFO - Archivo enviado a la API exitosamente
2023-06-29 23:45:20,803 - INFO - Archivo enviado a la API exitosamente
2023-06-29 23:45:21,028 - INFO - Archivo enviado a la API exitosamente
2023-06-29 23:45:21,256 - INFO - Archivo enviado a la API exitosamente
2023-06-29 23:45:21,501 - INFO - Archivo enviado a la API exitosamente
2023-06-29 23:45:21,759 - INFO - Archivo enviado a la API exitosamente
2023-06-29 23:45:22,012 - INFO - Archivo enviado a la API exitosamente
2023-06-29 23:45:22,265 - INFO - Archivo enviado a la API exitosamente
2023-06-29 23:45:22,513 - INFO - Archivo enviado a la API exitosamente
2023-06-29 23:45:22,757 - INFO - Archivo enviado a la API exitosamente
2023-06-29 23:45:22,993 - INFO - Archivo enviado a la API exitosamente
2023-06-29 23:45:23,248 - INFO - Archivo enviado a la API exitosamente
2023-06-29 23:45:23,499 - INFO - Archivo enviado a la API exitosamente
2023-06-29 23:45:23,747 - INFO - Archivo enviado a la API exitosamente
2023-06-29 23:45:23,997 - INFO - Archivo enviado a la API exitosamente
2023-06-29 23:45:24,238 - INFO - Archivo enviado a la API exitosamente
2023-06-29 23:45:24,501 - INFO - Archivo enviado a la API exitosamente
2023-06-29 23:45:24,755 - INFO - Archivo enviado a la API exitosamente
2023-06-29 23:45:25,009 - INFO - Archivo enviado a la API exitosamente
2023-06-29 23:45:25,263 - INFO - Archivo enviado a la API exitosamente
2023-06-29 23:45:25,537 - INFO - Archivo enviado a la API exitosamente
2023-06-29 23:45:25,797 - INFO - Archivo enviado a la API exitosamente
2023-06-29 23:45:26,046 - INFO - Archivo enviado a la API exitosamente
2023-06-29 23:45:26,289 - INFO - Archivo enviado a la API exitosamente
2023-06-29 23:45:26,557 - INFO - Archivo enviado a la API exitosamente
2023-06-29 23:45:26,811 - INFO - Archivo enviado a la API exitosamente
2023-06-29 23:45:27,067 - INFO - Archivo enviado a la API exitosamente
2023-06-29 23:45:27,321 - INFO - Archivo enviado a la API exitosamente
2023-06-29 23:45:27,493 - INFO - Archivo enviado a la API exitosamente
2023-06-29 23:45:27,744 - INFO - Archivo enviado a la API exitosamente
2023-06-29 23:45:27,992 - INFO - Archivo enviado a la API exitosamente
2023-06-29 23:45:28,243 - INFO - Archivo enviado a la API exitosamente
2023-06-29 23:45:28,497 - INFO - Archivo enviado a la API exitosamente
2023-06-29 23:45:28,751 - INFO - Archivo enviado a la API exitosamente
2023-06-29 23:45:29,000 - INFO - Archivo enviado a la API exitosamente
2023-06-29 23:45:29,256 - INFO - Archivo enviado a la API exitosamente
2023-06-29 23:45:29,507 - INFO - Archivo enviado a la API exitosamente
2023-06-29 23:45:29,761 - INFO - Archivo enviado a la API exitosamente
2023-06-29 23:45:30,017 - INFO - Archivo enviado a la API exitosamente
2023-06-29 23:45:30,285 - INFO - Archivo enviado a la API exitosamente
2023-06-29 23:45:30,286 - INFO - Archivo send.json eliminado
2023-06-30 16:10:45,955 - INFO - Archivo enviado a la API exitosamente
2023-06-30 16:10:46,191 - INFO - Archivo enviado a la API exitosamente
2023-06-30 16:10:46,429 - INFO - Archivo enviado a la API exitosamente
2023-06-30 16:10:46,666 - INFO - Archivo enviado a la API exitosamente
2023-06-30 16:10:46,850 - INFO - Archivo enviado a la API exitosamente
2023-06-30 16:10:47,099 - INFO - Archivo enviado a la API exitosamente
2023-06-30 16:10:47,352 - INFO - Archivo enviado a la API exitosamente
2023-06-30 16:10:47,606 - INFO - Archivo enviado a la API exitosamente
2023-06-30 16:10:47,867 - INFO - Archivo enviado a la API exitosamente
2023-06-30 16:10:48,121 - INFO - Archivo enviado a la API exitosamente
2023-06-30 16:10:48,383 - INFO - Archivo enviado a la API exitosamente
2023-06-30 16:10:48,622 - INFO - Archivo enviado a la API exitosamente
2023-06-30 16:10:48,870 - INFO - Archivo enviado a la API exitosamente
2023-06-30 16:10:49,122 - INFO - Archivo enviado a la API exitosamente
2023-06-30 16:10:49,360 - INFO - Archivo enviado a la API exitosamente
2023-06-30 16:10:49,604 - INFO - Archivo enviado a la API exitosamente
2023-06-30 16:10:49,849 - INFO - Archivo enviado a la API exitosamente
2023-06-30 16:10:50,085 - INFO - Archivo enviado a la API exitosamente
2023-06-30 16:10:50,328 - INFO - Archivo enviado a la API exitosamente
2023-06-30 16:10:50,587 - INFO - Archivo enviado a la API exitosamente
2023-06-30 16:10:50,843 - INFO - Archivo enviado a la API exitosamente
2023-06-30 16:10:51,091 - INFO - Archivo enviado a la API exitosamente
2023-06-30 16:10:51,336 - INFO - Archivo enviado a la API exitosamente
2023-06-30 16:10:51,588 - INFO - Archivo enviado a la API exitosamente
2023-06-30 16:10:51,846 - INFO - Archivo enviado a la API exitosamente
2023-06-30 16:10:52,110 - INFO - Archivo enviado a la API exitosamente
2023-06-30 16:10:52,372 - INFO - Archivo enviado a la API exitosamente
2023-06-30 16:10:52,636 - INFO - Archivo enviado a la API exitosamente
2023-06-30 16:10:52,892 - INFO - Archivo enviado a la API exitosamente
2023-06-30 16:10:53,143 - INFO - Archivo enviado a la API exitosamente
2023-06-30 16:10:53,380 - INFO - Archivo enviado a la API exitosamente
2023-06-30 16:10:53,633 - INFO - Archivo enviado a la API exitosamente
2023-06-30 16:10:53,891 - INFO - Archivo enviado a la API exitosamente
2023-06-30 16:10:54,145 - INFO - Archivo enviado a la API exitosamente
2023-06-30 16:10:54,400 - INFO - Archivo enviado a la API exitosamente
2023-06-30 16:10:54,650 - INFO - Archivo enviado a la API exitosamente
2023-06-30 16:10:54,906 - INFO - Archivo enviado a la API exitosamente
2023-06-30 16:10:55,170 - INFO - Archivo enviado a la API exitosamente
2023-06-30 16:10:55,444 - INFO - Archivo enviado a la API exitosamente
2023-06-30 16:10:55,736 - INFO - Archivo enviado a la API exitosamente
2023-06-30 16:10:55,997 - INFO - Archivo enviado a la API exitosamente
2023-06-30 16:10:56,258 - INFO - Archivo enviado a la API exitosamente
2023-06-30 16:10:56,509 - INFO - Archivo enviado a la API exitosamente
2023-06-30 16:10:56,757 - INFO - Archivo enviado a la API exitosamente
2023-06-30 16:10:57,014 - INFO - Archivo enviado a la API exitosamente
2023-06-30 16:10:57,268 - INFO - Archivo enviado a la API exitosamente
2023-06-30 16:10:57,527 - INFO - Archivo enviado a la API exitosamente
2023-06-30 16:10:57,793 - INFO - Archivo enviado a la API exitosamente
2023-06-30 16:10:57,983 - INFO - Archivo enviado a la API exitosamente
2023-06-30 16:10:58,244 - INFO - Archivo enviado a la API exitosamente
2023-06-30 16:10:58,518 - INFO - Archivo enviado a la API exitosamente
2023-06-30 16:10:58,775 - INFO - Archivo enviado a la API exitosamente
2023-06-30 16:10:59,039 - INFO - Archivo enviado a la API exitosamente
2023-06-30 16:10:59,304 - INFO - Archivo enviado a la API exitosamente
2023-06-30 16:10:59,556 - INFO - Archivo enviado a la API exitosamente
2023-06-30 16:10:59,809 - INFO - Archivo enviado a la API exitosamente
2023-06-30 16:11:00,070 - INFO - Archivo enviado a la API exitosamente
2023-06-30 16:11:00,329 - INFO - Archivo enviado a la API exitosamente
2023-06-30 16:11:00,591 - INFO - Archivo enviado a la API exitosamente
2023-06-30 16:11:00,855 - INFO - Archivo enviado a la API exitosamente
2023-06-30 16:11:00,855 - INFO - Archivo send.json eliminado
2023-06-30 16:22:31,790 - ERROR - Error en el proceso principal: 'ASIN'
2023-07-01 01:04:46,658 - ERROR - Error en el proceso principal: 'ASIN'
2023-07-01 01:06:53,645 - ERROR - Error al enviar el archivo a la API: 500 Server Error: Internal Server Error for url: http://127.0.0.1:8000/google/file/
2023-07-01 01:06:53,645 - ERROR - Error en el proceso principal: 500 Server Error: Internal Server Error for url: http://127.0.0.1:8000/google/file/
2023-07-01 01:11:34,394 - ERROR - Error al enviar el archivo a la API: 500 Server Error: Internal Server Error for url: http://127.0.0.1:8000/google/file/
2023-07-01 01:11:34,394 - ERROR - Error en el proceso principal: 500 Server Error: Internal Server Error for url: http://127.0.0.1:8000/google/file/
2023-07-01 01:22:53,468 - ERROR - Error al enviar el archivo a la API: 500 Server Error: Internal Server Error for url: http://127.0.0.1:8000/google/file/
2023-07-01 01:22:53,468 - ERROR - Error en el proceso principal: 500 Server Error: Internal Server Error for url: http://127.0.0.1:8000/google/file/
2023-07-01 01:27:47,076 - INFO - Archivo enviado a la API exitosamente
2023-07-01 01:27:47,467 - INFO - Archivo enviado a la API exitosamente
2023-07-01 01:27:47,836 - INFO - Archivo enviado a la API exitosamente
2023-07-01 01:27:48,211 - INFO - Archivo enviado a la API exitosamente
2023-07-01 01:27:48,631 - INFO - Archivo enviado a la API exitosamente
2023-07-01 01:27:49,019 - INFO - Archivo enviado a la API exitosamente
2023-07-01 01:27:49,402 - INFO - Archivo enviado a la API exitosamente
2023-07-01 01:27:49,771 - INFO - Archivo enviado a la API exitosamente
2023-07-01 01:27:50,138 - INFO - Archivo enviado a la API exitosamente
2023-07-01 01:27:50,509 - INFO - Archivo enviado a la API exitosamente
2023-07-01 01:27:50,869 - INFO - Archivo enviado a la API exitosamente
2023-07-01 01:27:51,238 - INFO - Archivo enviado a la API exitosamente
2023-07-01 01:27:51,620 - INFO - Archivo enviado a la API exitosamente
2023-07-01 01:27:51,986 - INFO - Archivo enviado a la API exitosamente
2023-07-01 01:27:52,353 - INFO - Archivo enviado a la API exitosamente
2023-07-01 01:27:52,719 - INFO - Archivo enviado a la API exitosamente
2023-07-01 01:27:53,083 - INFO - Archivo enviado a la API exitosamente
2023-07-01 01:27:53,468 - INFO - Archivo enviado a la API exitosamente
2023-07-01 01:27:53,837 - INFO - Archivo enviado a la API exitosamente
2023-07-01 01:27:54,209 - INFO - Archivo enviado a la API exitosamente
2023-07-01 01:27:54,576 - INFO - Archivo enviado a la API exitosamente
2023-07-01 01:27:54,942 - INFO - Archivo enviado a la API exitosamente
2023-07-01 01:27:55,310 - INFO - Archivo enviado a la API exitosamente
2023-07-01 01:27:55,676 - INFO - Archivo enviado a la API exitosamente
2023-07-01 01:27:56,054 - INFO - Archivo enviado a la API exitosamente
2023-07-01 01:27:56,420 - INFO - Archivo enviado a la API exitosamente
2023-07-01 01:27:56,786 - INFO - Archivo enviado a la API exitosamente
2023-07-01 01:27:57,165 - INFO - Archivo enviado a la API exitosamente
2023-07-01 01:27:57,529 - INFO - Archivo enviado a la API exitosamente
2023-07-01 01:27:57,893 - INFO - Archivo enviado a la API exitosamente
2023-07-01 01:27:57,893 - INFO - Archivo send.json eliminado
2023-07-01 13:22:59,928 - ERROR - Error en el proceso principal: [Errno 2] No such file or directory: 'test.json'
2023-07-01 13:23:45,125 - INFO - Archivo send.json eliminado
2023-07-01 14:04:31,888 - INFO - Archivo send.json eliminado
2023-07-04 23:27:45,507 - INFO - Scraper ejecutado exitosamente
2023-07-04 23:27:46,048 - INFO - Archivo enviado a la API exitosamente
2023-07-04 23:42:36,978 - INFO - Scraper amazon ejecutado exitosamente
2023-07-04 23:42:37,446 - INFO - Archivo 2023-07-04.json enviado a la API exitosamente
2023-07-04 23:42:38,417 - ERROR - Error al ejecutar el scraper google: Command 'scrapy crawl google' returned non-zero exit status 1.
2023-07-04 23:42:38,417 - ERROR - Error en el proceso principal: Command 'scrapy crawl google' returned non-zero exit status 1.
2023-07-05 00:00:40,065 - ERROR - Error al ejecutar el scraper amazon: Command 'scrapy crawl amazon' returned non-zero exit status 1.
2023-07-05 00:00:40,065 - ERROR - Error en el proceso principal: Command 'scrapy crawl amazon' returned non-zero exit status 1.
2023-07-05 00:00:55,029 - ERROR - Error al ejecutar el scraper amazon: Command 'scrapy crawl amazon' returned non-zero exit status 1.
2023-07-05 00:00:55,029 - ERROR - Error en el proceso principal: Command 'scrapy crawl amazon' returned non-zero exit status 1.
2023-07-05 00:07:17,820 - ERROR - Error al ejecutar el scraper amazon: Command 'scrapy crawl amazon' returned non-zero exit status 1.
2023-07-05 00:07:17,820 - ERROR - Error en el proceso principal: Command 'scrapy crawl amazon' returned non-zero exit status 1.
2023-07-05 00:10:18,107 - ERROR - Error al ejecutar el scraper amazon: Command 'scrapy crawl amazon' returned non-zero exit status 2.
2023-07-05 00:10:28,278 - ERROR - Error al ejecutar el scraper amazon: Command 'scrapy crawl amazon' returned non-zero exit status 2.
2023-07-05 00:16:57,361 - ERROR - Error al ejecutar el scraper amazon: Command 'scrapy crawl amazon' returned non-zero exit status 2.
2023-07-05 00:16:57,361 - ERROR - Error en el proceso principal: Command 'scrapy crawl amazon' returned non-zero exit status 2.
